{"C:\\Users\\bhoyee-pc\\Desktop\\pingloyal\\apps\\api\\src\\app.controller.ts": {"path":"C:\\Users\\bhoyee-pc\\Desktop\\pingloyal\\apps\\api\\src\\app.controller.ts","statementMap":{"0":{"start":{"line":1,"column":0},"end":{"line":1,"column":49}},"1":{"start":{"line":2,"column":0},"end":{"line":2,"column":43}},"2":{"start":{"line":5,"column":7},"end":{"line":12,"column":null}},"3":{"start":{"line":6,"column":31},"end":{"line":6,"column":43}},"4":{"start":{"line":10,"column":4},"end":{"line":10,"column":38}},"5":{"start":{"line":5,"column":13},"end":{"line":5,"column":26}},"6":{"start":{"line":9,"column":2},"end":{"line":11,"column":null}},"7":{"start":{"line":5,"column":13},"end":{"line":12,"column":null}}},"fnMap":{"0":{"name":"(anonymous_2)","decl":{"start":{"line":6,"column":2},"end":{"line":6,"column":31}},"loc":{"start":{"line":6,"column":53},"end":{"line":6,"column":57}}},"1":{"name":"(anonymous_3)","decl":{"start":{"line":9,"column":2},"end":{"line":9,"column":10}},"loc":{"start":{"line":9,"column":10},"end":{"line":11,"column":3}}}},"branchMap":{"0":{"loc":{"start":{"line":6,"column":43},"end":{"line":6,"column":56}},"type":"cond-expr","locations":[{"start":{"line":6,"column":53},"end":{"line":6,"column":56}},{"start":{"line":6,"column":53},"end":{"line":6,"column":56}}]},"1":{"loc":{"start":{"line":6,"column":43},"end":{"line":6,"column":53}},"type":"binary-expr","locations":[{"start":{"line":6,"column":43},"end":{"line":6,"column":56}},{"start":{"line":6,"column":43},"end":{"line":6,"column":53}}]}},"s":{"0":1,"1":1,"2":1,"3":1,"4":1,"5":1,"6":1,"7":1},"f":{"0":1,"1":1},"b":{"0":[1,0],"1":[1,1]}}
,"C:\\Users\\bhoyee-pc\\Desktop\\pingloyal\\apps\\api\\src\\app.module.ts": {"path":"C:\\Users\\bhoyee-pc\\Desktop\\pingloyal\\apps\\api\\src\\app.module.ts","statementMap":{"0":{"start":{"line":1,"column":0},"end":{"line":1,"column":null}},"1":{"start":{"line":7,"column":0},"end":{"line":7,"column":46}},"2":{"start":{"line":8,"column":0},"end":{"line":8,"column":70}},"3":{"start":{"line":9,"column":0},"end":{"line":9,"column":52}},"4":{"start":{"line":10,"column":0},"end":{"line":10,"column":45}},"5":{"start":{"line":11,"column":0},"end":{"line":11,"column":49}},"6":{"start":{"line":12,"column":0},"end":{"line":12,"column":43}},"7":{"start":{"line":13,"column":0},"end":{"line":13,"column":62}},"8":{"start":{"line":14,"column":0},"end":{"line":14,"column":60}},"9":{"start":{"line":15,"column":0},"end":{"line":15,"column":58}},"10":{"start":{"line":16,"column":0},"end":{"line":16,"column":60}},"11":{"start":{"line":17,"column":0},"end":{"line":17,"column":65}},"12":{"start":{"line":18,"column":0},"end":{"line":18,"column":68}},"13":{"start":{"line":19,"column":0},"end":{"line":19,"column":54}},"14":{"start":{"line":20,"column":0},"end":{"line":20,"column":62}},"15":{"start":{"line":21,"column":0},"end":{"line":21,"column":57}},"16":{"start":{"line":22,"column":0},"end":{"line":22,"column":71}},"17":{"start":{"line":23,"column":0},"end":{"line":23,"column":88}},"18":{"start":{"line":24,"column":0},"end":{"line":24,"column":79}},"19":{"start":{"line":25,"column":0},"end":{"line":25,"column":81}},"20":{"start":{"line":26,"column":0},"end":{"line":26,"column":80}},"21":{"start":{"line":27,"column":0},"end":{"line":27,"column":69}},"22":{"start":{"line":63,"column":7},"end":{"line":69,"column":null}},"23":{"start":{"line":65,"column":4},"end":{"line":67,"column":59}},"24":{"start":{"line":63,"column":13},"end":{"line":63,"column":22}},"25":{"start":{"line":63,"column":13},"end":{"line":69,"column":null}}},"fnMap":{"0":{"name":"(anonymous_1)","decl":{"start":{"line":64,"column":2},"end":{"line":64,"column":11}},"loc":{"start":{"line":64,"column":40},"end":{"line":68,"column":3}}}},"branchMap":{"0":{"loc":{"start":{"line":39,"column":8},"end":{"line":39,"column":45}},"type":"binary-expr","locations":[{"start":{"line":39,"column":8},"end":{"line":39,"column":28}},{"start":{"line":39,"column":32},"end":{"line":39,"column":45}}]},"1":{"loc":{"start":{"line":40,"column":8},"end":{"line":40,"column":39}},"type":"binary-expr","locations":[{"start":{"line":40,"column":8},"end":{"line":40,"column":29}},{"start":{"line":40,"column":33},"end":{"line":40,"column":39}}]}},"s":{"0":0,"1":0,"2":0,"3":0,"4":0,"5":0,"6":0,"7":0,"8":0,"9":0,"10":0,"11":0,"12":0,"13":0,"14":0,"15":0,"16":0,"17":0,"18":0,"19":0,"20":0,"21":0,"22":0,"23":0,"24":0,"25":0},"f":{"0":0},"b":{"0":[0,0],"1":[0,0]}}
,"C:\\Users\\bhoyee-pc\\Desktop\\pingloyal\\apps\\api\\src\\app.service.ts": {"path":"C:\\Users\\bhoyee-pc\\Desktop\\pingloyal\\apps\\api\\src\\app.service.ts","statementMap":{"0":{"start":{"line":1,"column":0},"end":{"line":1,"column":44}},"1":{"start":{"line":4,"column":7},"end":{"line":8,"column":null}},"2":{"start":{"line":6,"column":4},"end":{"line":6,"column":26}},"3":{"start":{"line":4,"column":13},"end":{"line":4,"column":23}},"4":{"start":{"line":4,"column":13},"end":{"line":8,"column":null}}},"fnMap":{"0":{"name":"(anonymous_1)","decl":{"start":{"line":5,"column":2},"end":{"line":5,"column":10}},"loc":{"start":{"line":5,"column":10},"end":{"line":7,"column":3}}}},"branchMap":{},"s":{"0":1,"1":1,"2":1,"3":1,"4":1},"f":{"0":1},"b":{}}
,"C:\\Users\\bhoyee-pc\\Desktop\\pingloyal\\apps\\api\\src\\main.ts": {"path":"C:\\Users\\bhoyee-pc\\Desktop\\pingloyal\\apps\\api\\src\\main.ts","statementMap":{"0":{"start":{"line":1,"column":0},"end":{"line":1,"column":33}},"1":{"start":{"line":2,"column":0},"end":{"line":2,"column":29}},"2":{"start":{"line":5,"column":0},"end":{"line":5,"column":58}},"3":{"start":{"line":6,"column":0},"end":{"line":6,"column":64}},"4":{"start":{"line":8,"column":0},"end":{"line":8,"column":43}},"5":{"start":{"line":9,"column":0},"end":{"line":9,"column":48}},"6":{"start":{"line":10,"column":0},"end":{"line":10,"column":65}},"7":{"start":{"line":11,"column":0},"end":{"line":11,"column":45}},"8":{"start":{"line":12,"column":0},"end":{"line":12,"column":28}},"9":{"start":{"line":13,"column":0},"end":{"line":13,"column":38}},"10":{"start":{"line":14,"column":0},"end":{"line":14,"column":39}},"11":{"start":{"line":15,"column":0},"end":{"line":15,"column":41}},"12":{"start":{"line":16,"column":0},"end":{"line":16,"column":69}},"13":{"start":{"line":19,"column":18},"end":{"line":19,"column":55}},"14":{"start":{"line":20,"column":19},"end":{"line":20,"column":50}},"15":{"start":{"line":22,"column":2},"end":{"line":24,"column":3}},"16":{"start":{"line":23,"column":4},"end":{"line":23,"column":71}},"17":{"start":{"line":28,"column":14},"end":{"line":31,"column":4}},"18":{"start":{"line":34,"column":2},"end":{"line":34,"column":20}},"19":{"start":{"line":37,"column":2},"end":{"line":37,"column":25}},"20":{"start":{"line":40,"column":2},"end":{"line":43,"column":5}},"21":{"start":{"line":46,"column":2},"end":{"line":46,"column":32}},"22":{"start":{"line":49,"column":2},"end":{"line":56,"column":4}},"23":{"start":{"line":59,"column":2},"end":{"line":67,"column":3}},"24":{"start":{"line":60,"column":26},"end":{"line":64,"column":14}},"25":{"start":{"line":65,"column":21},"end":{"line":65,"column":69}},"26":{"start":{"line":66,"column":4},"end":{"line":66,"column":51}},"27":{"start":{"line":69,"column":15},"end":{"line":69,"column":55}},"28":{"start":{"line":70,"column":2},"end":{"line":70,"column":25}},"29":{"start":{"line":72,"column":2},"end":{"line":74,"column":4}},"30":{"start":{"line":77,"column":0},"end":{"line":77,"column":17}}},"fnMap":{"0":{"name":"bootstrap","decl":{"start":{"line":18,"column":15},"end":{"line":18,"column":24}},"loc":{"start":{"line":18,"column":24},"end":{"line":75,"column":1}}}},"branchMap":{"0":{"loc":{"start":{"line":19,"column":18},"end":{"line":19,"column":55}},"type":"binary-expr","locations":[{"start":{"line":19,"column":18},"end":{"line":19,"column":38}},{"start":{"line":19,"column":42},"end":{"line":19,"column":55}}]},"1":{"loc":{"start":{"line":20,"column":19},"end":{"line":20,"column":50}},"type":"binary-expr","locations":[{"start":{"line":20,"column":19},"end":{"line":20,"column":40}},{"start":{"line":20,"column":44},"end":{"line":20,"column":50}}]},"2":{"loc":{"start":{"line":22,"column":2},"end":{"line":24,"column":3}},"type":"if","locations":[{"start":{"line":22,"column":2},"end":{"line":24,"column":3}},{"start":{},"end":{}}]},"3":{"loc":{"start":{"line":41,"column":13},"end":{"line":41,"column":64}},"type":"binary-expr","locations":[{"start":{"line":41,"column":13},"end":{"line":41,"column":37}},{"start":{"line":41,"column":41},"end":{"line":41,"column":64}}]},"4":{"loc":{"start":{"line":59,"column":2},"end":{"line":67,"column":3}},"type":"if","locations":[{"start":{"line":59,"column":2},"end":{"line":67,"column":3}},{"start":{},"end":{}}]},"5":{"loc":{"start":{"line":69,"column":24},"end":{"line":69,"column":50}},"type":"binary-expr","locations":[{"start":{"line":69,"column":24},"end":{"line":69,"column":40}},{"start":{"line":69,"column":44},"end":{"line":69,"column":50}}]}},"s":{"0":0,"1":0,"2":0,"3":0,"4":0,"5":0,"6":0,"7":0,"8":0,"9":0,"10":0,"11":0,"12":0,"13":0,"14":0,"15":0,"16":0,"17":0,"18":0,"19":0,"20":0,"21":0,"22":0,"23":0,"24":0,"25":0,"26":0,"27":0,"28":0,"29":0,"30":0},"f":{"0":0},"b":{"0":[0,0],"1":[0,0],"2":[0,0],"3":[0,0],"4":[0,0],"5":[0,0]}}
,"C:\\Users\\bhoyee-pc\\Desktop\\pingloyal\\apps\\api\\src\\auth\\auth.module.ts": {"path":"C:\\Users\\bhoyee-pc\\Desktop\\pingloyal\\apps\\api\\src\\auth\\auth.module.ts","statementMap":{"0":{"start":{"line":3,"column":0},"end":{"line":3,"column":9}},"1":{"start":{"line":3,"column":9},"end":{"line":3,"column":37}}},"fnMap":{"0":{"name":"(anonymous_0)","decl":{"start":{"line":3,"column":9},"end":{"line":3,"column":23}},"loc":{"start":{"line":3,"column":9},"end":{"line":3,"column":37}}}},"branchMap":{},"s":{"0":0,"1":0},"f":{"0":0},"b":{}}
,"C:\\Users\\bhoyee-pc\\Desktop\\pingloyal\\apps\\api\\src\\auth\\strategies\\jwt.strategy.ts": {"path":"C:\\Users\\bhoyee-pc\\Desktop\\pingloyal\\apps\\api\\src\\auth\\strategies\\jwt.strategy.ts","statementMap":{"0":{"start":{"line":3,"column":0},"end":{"line":3,"column":9}},"1":{"start":{"line":3,"column":9},"end":{"line":3,"column":73}}},"fnMap":{"0":{"name":"(anonymous_0)","decl":{"start":{"line":3,"column":9},"end":{"line":3,"column":20}},"loc":{"start":{"line":3,"column":9},"end":{"line":3,"column":73}}}},"branchMap":{},"s":{"0":0,"1":0},"f":{"0":0},"b":{}}
,"C:\\Users\\bhoyee-pc\\Desktop\\pingloyal\\apps\\api\\src\\common\\decorators\\current-tenant.decorator.ts": {"path":"C:\\Users\\bhoyee-pc\\Desktop\\pingloyal\\apps\\api\\src\\common\\decorators\\current-tenant.decorator.ts","statementMap":{"0":{"start":{"line":1,"column":0},"end":{"line":1,"column":null}},"1":{"start":{"line":8,"column":13},"end":{"line":20,"column":2}},"2":{"start":{"line":10,"column":20},"end":{"line":10,"column":60}},"3":{"start":{"line":11,"column":21},"end":{"line":11,"column":43}},"4":{"start":{"line":12,"column":4},"end":{"line":17,"column":5}},"5":{"start":{"line":14,"column":6},"end":{"line":16,"column":8}},"6":{"start":{"line":18,"column":4},"end":{"line":18,"column":20}}},"fnMap":{"0":{"name":"(anonymous_0)","decl":{"start":{"line":9,"column":2},"end":{"line":9,"column":3}},"loc":{"start":{"line":9,"column":52},"end":{"line":19,"column":3}}}},"branchMap":{"0":{"loc":{"start":{"line":12,"column":4},"end":{"line":17,"column":5}},"type":"if","locations":[{"start":{"line":12,"column":4},"end":{"line":17,"column":5}},{"start":{},"end":{}}]}},"s":{"0":0,"1":0,"2":0,"3":0,"4":0,"5":0,"6":0},"f":{"0":0},"b":{"0":[0,0]}}
,"C:\\Users\\bhoyee-pc\\Desktop\\pingloyal\\apps\\api\\src\\common\\decorators\\current-user.decorator.ts": {"path":"C:\\Users\\bhoyee-pc\\Desktop\\pingloyal\\apps\\api\\src\\common\\decorators\\current-user.decorator.ts","statementMap":{"0":{"start":{"line":1,"column":0},"end":{"line":1,"column":72}},"1":{"start":{"line":4,"column":13},"end":{"line":9,"column":2}},"2":{"start":{"line":6,"column":20},"end":{"line":6,"column":60}},"3":{"start":{"line":7,"column":4},"end":{"line":7,"column":24}}},"fnMap":{"0":{"name":"(anonymous_0)","decl":{"start":{"line":5,"column":2},"end":{"line":5,"column":3}},"loc":{"start":{"line":5,"column":44},"end":{"line":8,"column":3}}}},"branchMap":{},"s":{"0":0,"1":0,"2":0,"3":0},"f":{"0":0},"b":{}}
,"C:\\Users\\bhoyee-pc\\Desktop\\pingloyal\\apps\\api\\src\\common\\decorators\\public.decorator.ts": {"path":"C:\\Users\\bhoyee-pc\\Desktop\\pingloyal\\apps\\api\\src\\common\\decorators\\public.decorator.ts","statementMap":{"0":{"start":{"line":1,"column":0},"end":{"line":1,"column":45}},"1":{"start":{"line":3,"column":13},"end":{"line":3,"column":41}},"2":{"start":{"line":4,"column":22},"end":{"line":4,"column":60}},"3":{"start":{"line":4,"column":28},"end":{"line":4,"column":60}},"4":{"start":{"line":4,"column":13},"end":{"line":4,"column":22}}},"fnMap":{"0":{"name":"(anonymous_0)","decl":{"start":{"line":4,"column":22},"end":{"line":4,"column":25}},"loc":{"start":{"line":4,"column":28},"end":{"line":4,"column":60}}}},"branchMap":{},"s":{"0":0,"1":0,"2":0,"3":0,"4":0},"f":{"0":0},"b":{}}
,"C:\\Users\\bhoyee-pc\\Desktop\\pingloyal\\apps\\api\\src\\common\\decorators\\roles.decorator.ts": {"path":"C:\\Users\\bhoyee-pc\\Desktop\\pingloyal\\apps\\api\\src\\common\\decorators\\roles.decorator.ts","statementMap":{"0":{"start":{"line":1,"column":0},"end":{"line":1,"column":45}},"1":{"start":{"line":4,"column":13},"end":{"line":4,"column":33}},"2":{"start":{"line":5,"column":21},"end":{"line":5,"column":76}},"3":{"start":{"line":5,"column":47},"end":{"line":5,"column":76}},"4":{"start":{"line":5,"column":13},"end":{"line":5,"column":21}}},"fnMap":{"0":{"name":"(anonymous_0)","decl":{"start":{"line":5,"column":21},"end":{"line":5,"column":22}},"loc":{"start":{"line":5,"column":47},"end":{"line":5,"column":76}}}},"branchMap":{},"s":{"0":0,"1":0,"2":0,"3":0,"4":0},"f":{"0":0},"b":{}}
,"C:\\Users\\bhoyee-pc\\Desktop\\pingloyal\\apps\\api\\src\\common\\decorators\\skip-subscription-check.decorator.ts": {"path":"C:\\Users\\bhoyee-pc\\Desktop\\pingloyal\\apps\\api\\src\\common\\decorators\\skip-subscription-check.decorator.ts","statementMap":{"0":{"start":{"line":1,"column":0},"end":{"line":1,"column":45}},"1":{"start":{"line":3,"column":13},"end":{"line":3,"column":63}},"2":{"start":{"line":4,"column":37},"end":{"line":5,"column":42}},"3":{"start":{"line":5,"column":2},"end":{"line":5,"column":42}},"4":{"start":{"line":4,"column":13},"end":{"line":4,"column":37}}},"fnMap":{"0":{"name":"(anonymous_0)","decl":{"start":{"line":4,"column":37},"end":{"line":4,"column":40}},"loc":{"start":{"line":5,"column":2},"end":{"line":5,"column":42}}}},"branchMap":{},"s":{"0":0,"1":0,"2":0,"3":0,"4":0},"f":{"0":0},"b":{}}
,"C:\\Users\\bhoyee-pc\\Desktop\\pingloyal\\apps\\api\\src\\common\\filters\\global-exception.filter.ts": {"path":"C:\\Users\\bhoyee-pc\\Desktop\\pingloyal\\apps\\api\\src\\common\\filters\\global-exception.filter.ts","statementMap":{"0":{"start":{"line":1,"column":0},"end":{"line":1,"column":null}},"1":{"start":{"line":10,"column":0},"end":{"line":10,"column":60}},"2":{"start":{"line":12,"column":0},"end":{"line":12,"column":39}},"3":{"start":{"line":15,"column":7},"end":{"line":87,"column":null}},"4":{"start":{"line":18,"column":21},"end":{"line":18,"column":42}},"5":{"start":{"line":22,"column":16},"end":{"line":22,"column":35}},"6":{"start":{"line":23,"column":20},"end":{"line":23,"column":45}},"7":{"start":{"line":24,"column":21},"end":{"line":24,"column":48}},"8":{"start":{"line":25,"column":19},"end":{"line":25,"column":56}},"9":{"start":{"line":32,"column":4},"end":{"line":49,"column":5}},"10":{"start":{"line":33,"column":6},"end":{"line":33,"column":41}},"11":{"start":{"line":34,"column":19},"end":{"line":34,"column":42}},"12":{"start":{"line":35,"column":6},"end":{"line":38,"column":74}},"13":{"start":{"line":39,"column":6},"end":{"line":39,"column":33}},"14":{"start":{"line":40,"column":6},"end":{"line":40,"column":30}},"15":{"start":{"line":42,"column":6},"end":{"line":42,"column":52}},"16":{"start":{"line":44,"column":6},"end":{"line":44,"column":80}},"17":{"start":{"line":45,"column":6},"end":{"line":47,"column":49}},"18":{"start":{"line":48,"column":6},"end":{"line":48,"column":41}},"19":{"start":{"line":52,"column":4},"end":{"line":54,"column":5}},"20":{"start":{"line":53,"column":6},"end":{"line":53,"column":37}},"21":{"start":{"line":56,"column":22},"end":{"line":56,"column":45}},"22":{"start":{"line":57,"column":17},"end":{"line":57,"column":28}},"23":{"start":{"line":59,"column":4},"end":{"line":65,"column":7}},"24":{"start":{"line":67,"column":4},"end":{"line":69,"column":5}},"25":{"start":{"line":68,"column":6},"end":{"line":68,"column":41}},"26":{"start":{"line":71,"column":42},"end":{"line":78,"column":6}},"27":{"start":{"line":81,"column":4},"end":{"line":83,"column":5}},"28":{"start":{"line":82,"column":6},"end":{"line":82,"column":25}},"29":{"start":{"line":85,"column":4},"end":{"line":85,"column":43}},"30":{"start":{"line":15,"column":13},"end":{"line":15,"column":34}},"31":{"start":{"line":15,"column":13},"end":{"line":87,"column":null}}},"fnMap":{"0":{"name":"(anonymous_13)","decl":{"start":{"line":16,"column":2},"end":{"line":16,"column":null}},"loc":{"start":{"line":18,"column":42},"end":{"line":19,"column":6}}},"1":{"name":"(anonymous_14)","decl":{"start":{"line":21,"column":2},"end":{"line":21,"column":7}},"loc":{"start":{"line":21,"column":47},"end":{"line":86,"column":3}}}},"branchMap":{"0":{"loc":{"start":{"line":32,"column":4},"end":{"line":49,"column":5}},"type":"if","locations":[{"start":{"line":32,"column":4},"end":{"line":49,"column":5}},{"start":{"line":41,"column":11},"end":{"line":49,"column":5}}]},"1":{"loc":{"start":{"line":36,"column":8},"end":{"line":38,"column":73}},"type":"cond-expr","locations":[{"start":{"line":37,"column":12},"end":{"line":37,"column":16}},{"start":{"line":38,"column":14},"end":{"line":38,"column":72}}]},"2":{"loc":{"start":{"line":38,"column":14},"end":{"line":38,"column":72}},"type":"binary-expr","locations":[{"start":{"line":38,"column":14},"end":{"line":38,"column":51}},{"start":{"line":38,"column":55},"end":{"line":38,"column":72}}]},"3":{"loc":{"start":{"line":44,"column":16},"end":{"line":44,"column":79}},"type":"cond-expr","locations":[{"start":{"line":44,"column":25},"end":{"line":44,"column":48}},{"start":{"line":44,"column":52},"end":{"line":44,"column":79}}]},"4":{"loc":{"start":{"line":45,"column":18},"end":{"line":47,"column":48}},"type":"cond-expr","locations":[{"start":{"line":46,"column":10},"end":{"line":46,"column":31}},{"start":{"line":47,"column":12},"end":{"line":47,"column":47}}]},"5":{"loc":{"start":{"line":47,"column":12},"end":{"line":47,"column":47}},"type":"binary-expr","locations":[{"start":{"line":47,"column":12},"end":{"line":47,"column":36}},{"start":{"line":47,"column":40},"end":{"line":47,"column":47}}]},"6":{"loc":{"start":{"line":52,"column":4},"end":{"line":54,"column":5}},"type":"if","locations":[{"start":{"line":52,"column":4},"end":{"line":54,"column":5}},{"start":{},"end":{}}]},"7":{"loc":{"start":{"line":56,"column":22},"end":{"line":56,"column":45}},"type":"binary-expr","locations":[{"start":{"line":56,"column":22},"end":{"line":56,"column":32}},{"start":{"line":56,"column":36},"end":{"line":56,"column":45}}]},"8":{"loc":{"start":{"line":64,"column":13},"end":{"line":64,"column":24}},"type":"binary-expr","locations":[{"start":{"line":64,"column":13},"end":{"line":64,"column":18}},{"start":{"line":64,"column":22},"end":{"line":64,"column":24}}]},"9":{"loc":{"start":{"line":67,"column":4},"end":{"line":69,"column":5}},"type":"if","locations":[{"start":{"line":67,"column":4},"end":{"line":69,"column":5}},{"start":{},"end":{}}]},"10":{"loc":{"start":{"line":81,"column":4},"end":{"line":83,"column":5}},"type":"if","locations":[{"start":{"line":81,"column":4},"end":{"line":83,"column":5}},{"start":{},"end":{}}]},"11":{"loc":{"start":{"line":81,"column":8},"end":{"line":81,"column":24}},"type":"binary-expr","locations":[{"start":{"line":81,"column":8},"end":{"line":81,"column":15}},{"start":{"line":81,"column":19},"end":{"line":81,"column":24}}]}},"s":{"0":0,"1":0,"2":0,"3":0,"4":0,"5":0,"6":0,"7":0,"8":0,"9":0,"10":0,"11":0,"12":0,"13":0,"14":0,"15":0,"16":0,"17":0,"18":0,"19":0,"20":0,"21":0,"22":0,"23":0,"24":0,"25":0,"26":0,"27":0,"28":0,"29":0,"30":0,"31":0},"f":{"0":0,"1":0},"b":{"0":[0,0],"1":[0,0],"2":[0,0],"3":[0,0],"4":[0,0],"5":[0,0],"6":[0,0],"7":[0,0],"8":[0,0],"9":[0,0],"10":[0,0],"11":[0,0]}}
,"C:\\Users\\bhoyee-pc\\Desktop\\pingloyal\\apps\\api\\src\\common\\guards\\jwt-auth.guard.ts": {"path":"C:\\Users\\bhoyee-pc\\Desktop\\pingloyal\\apps\\api\\src\\common\\guards\\jwt-auth.guard.ts","statementMap":{"0":{"start":{"line":1,"column":0},"end":{"line":1,"column":null}},"1":{"start":{"line":6,"column":0},"end":{"line":6,"column":41}},"2":{"start":{"line":7,"column":0},"end":{"line":7,"column":45}},"3":{"start":{"line":9,"column":0},"end":{"line":9,"column":63}},"4":{"start":{"line":12,"column":7},"end":{"line":37,"column":null}},"5":{"start":{"line":14,"column":4},"end":{"line":14,"column":12}},"6":{"start":{"line":13,"column":22},"end":{"line":13,"column":33}},"7":{"start":{"line":20,"column":21},"end":{"line":23,"column":6}},"8":{"start":{"line":24,"column":4},"end":{"line":24,"column":30}},"9":{"start":{"line":24,"column":18},"end":{"line":24,"column":30}},"10":{"start":{"line":25,"column":4},"end":{"line":25,"column":38}},"11":{"start":{"line":32,"column":4},"end":{"line":34,"column":5}},"12":{"start":{"line":33,"column":6},"end":{"line":33,"column":66}},"13":{"start":{"line":35,"column":4},"end":{"line":35,"column":16}},"14":{"start":{"line":12,"column":13},"end":{"line":12,"column":25}},"15":{"start":{"line":12,"column":13},"end":{"line":37,"column":null}}},"fnMap":{"0":{"name":"(anonymous_2)","decl":{"start":{"line":13,"column":2},"end":{"line":13,"column":22}},"loc":{"start":{"line":13,"column":42},"end":{"line":15,"column":3}}},"1":{"name":"(anonymous_3)","decl":{"start":{"line":17,"column":2},"end":{"line":17,"column":13}},"loc":{"start":{"line":18,"column":29},"end":{"line":26,"column":3}}},"2":{"name":"(anonymous_4)","decl":{"start":{"line":28,"column":2},"end":{"line":28,"column":15}},"loc":{"start":{"line":30,"column":23},"end":{"line":36,"column":3}}}},"branchMap":{"0":{"loc":{"start":{"line":24,"column":4},"end":{"line":24,"column":30}},"type":"if","locations":[{"start":{"line":24,"column":4},"end":{"line":24,"column":30}},{"start":{},"end":{}}]},"1":{"loc":{"start":{"line":32,"column":4},"end":{"line":34,"column":5}},"type":"if","locations":[{"start":{"line":32,"column":4},"end":{"line":34,"column":5}},{"start":{},"end":{}}]},"2":{"loc":{"start":{"line":32,"column":8},"end":{"line":32,"column":20}},"type":"binary-expr","locations":[{"start":{"line":32,"column":8},"end":{"line":32,"column":11}},{"start":{"line":32,"column":15},"end":{"line":32,"column":20}}]},"3":{"loc":{"start":{"line":13,"column":33},"end":{"line":13,"column":null}},"type":"cond-expr","locations":[{"start":{"line":13,"column":42},"end":{"line":13,"column":null}},{"start":{"line":13,"column":42},"end":{"line":13,"column":null}}]},"4":{"loc":{"start":{"line":13,"column":33},"end":{"line":13,"column":42}},"type":"binary-expr","locations":[{"start":{"line":13,"column":33},"end":{"line":13,"column":null}},{"start":{"line":13,"column":33},"end":{"line":13,"column":42}}]}},"s":{"0":0,"1":0,"2":0,"3":0,"4":0,"5":0,"6":0,"7":0,"8":0,"9":0,"10":0,"11":0,"12":0,"13":0,"14":0,"15":0},"f":{"0":0,"1":0,"2":0},"b":{"0":[0,0],"1":[0,0],"2":[0,0],"3":[0,0],"4":[0,0]}}
,"C:\\Users\\bhoyee-pc\\Desktop\\pingloyal\\apps\\api\\src\\common\\guards\\roles.guard.ts": {"path":"C:\\Users\\bhoyee-pc\\Desktop\\pingloyal\\apps\\api\\src\\common\\guards\\roles.guard.ts","statementMap":{"0":{"start":{"line":1,"column":0},"end":{"line":1,"column":null}},"1":{"start":{"line":7,"column":0},"end":{"line":7,"column":41}},"2":{"start":{"line":10,"column":0},"end":{"line":10,"column":58}},"3":{"start":{"line":13,"column":7},"end":{"line":32,"column":null}},"4":{"start":{"line":14,"column":31},"end":{"line":14,"column":42}},"5":{"start":{"line":17,"column":26},"end":{"line":19,"column":null}},"6":{"start":{"line":22,"column":4},"end":{"line":22,"column":66}},"7":{"start":{"line":22,"column":54},"end":{"line":22,"column":66}},"8":{"start":{"line":24,"column":20},"end":{"line":24,"column":79}},"9":{"start":{"line":25,"column":17},"end":{"line":25,"column":29}},"10":{"start":{"line":27,"column":4},"end":{"line":29,"column":5}},"11":{"start":{"line":28,"column":6},"end":{"line":28,"column":63}},"12":{"start":{"line":30,"column":4},"end":{"line":30,"column":16}},"13":{"start":{"line":13,"column":13},"end":{"line":13,"column":23}},"14":{"start":{"line":13,"column":13},"end":{"line":32,"column":null}}},"fnMap":{"0":{"name":"(anonymous_2)","decl":{"start":{"line":14,"column":2},"end":{"line":14,"column":31}},"loc":{"start":{"line":14,"column":51},"end":{"line":14,"column":55}}},"1":{"name":"(anonymous_3)","decl":{"start":{"line":16,"column":2},"end":{"line":16,"column":13}},"loc":{"start":{"line":16,"column":39},"end":{"line":31,"column":3}}}},"branchMap":{"0":{"loc":{"start":{"line":22,"column":4},"end":{"line":22,"column":66}},"type":"if","locations":[{"start":{"line":22,"column":4},"end":{"line":22,"column":66}},{"start":{},"end":{}}]},"1":{"loc":{"start":{"line":22,"column":8},"end":{"line":22,"column":52}},"type":"binary-expr","locations":[{"start":{"line":22,"column":8},"end":{"line":22,"column":22}},{"start":{"line":22,"column":26},"end":{"line":22,"column":52}}]},"2":{"loc":{"start":{"line":27,"column":4},"end":{"line":29,"column":5}},"type":"if","locations":[{"start":{"line":27,"column":4},"end":{"line":29,"column":5}},{"start":{},"end":{}}]},"3":{"loc":{"start":{"line":27,"column":8},"end":{"line":27,"column":51}},"type":"binary-expr","locations":[{"start":{"line":27,"column":8},"end":{"line":27,"column":13}},{"start":{"line":27,"column":17},"end":{"line":27,"column":51}}]},"4":{"loc":{"start":{"line":14,"column":42},"end":{"line":14,"column":54}},"type":"cond-expr","locations":[{"start":{"line":14,"column":51},"end":{"line":14,"column":54}},{"start":{"line":14,"column":51},"end":{"line":14,"column":54}}]},"5":{"loc":{"start":{"line":14,"column":42},"end":{"line":14,"column":51}},"type":"binary-expr","locations":[{"start":{"line":14,"column":42},"end":{"line":14,"column":54}},{"start":{"line":14,"column":42},"end":{"line":14,"column":51}}]}},"s":{"0":0,"1":0,"2":0,"3":0,"4":0,"5":0,"6":0,"7":0,"8":0,"9":0,"10":0,"11":0,"12":0,"13":0,"14":0},"f":{"0":0,"1":0},"b":{"0":[0,0],"1":[0,0],"2":[0,0],"3":[0,0],"4":[0,0],"5":[0,0]}}
,"C:\\Users\\bhoyee-pc\\Desktop\\pingloyal\\apps\\api\\src\\common\\guards\\subscription.guard.ts": {"path":"C:\\Users\\bhoyee-pc\\Desktop\\pingloyal\\apps\\api\\src\\common\\guards\\subscription.guard.ts","statementMap":{"0":{"start":{"line":1,"column":0},"end":{"line":1,"column":null}},"1":{"start":{"line":9,"column":0},"end":{"line":9,"column":41}},"2":{"start":{"line":10,"column":0},"end":{"line":10,"column":51}},"3":{"start":{"line":11,"column":0},"end":{"line":11,"column":37}},"4":{"start":{"line":13,"column":0},"end":{"line":13,"column":28}},"5":{"start":{"line":14,"column":0},"end":{"line":14,"column":88}},"6":{"start":{"line":15,"column":0},"end":{"line":15,"column":63}},"7":{"start":{"line":16,"column":0},"end":{"line":16,"column":56}},"8":{"start":{"line":23,"column":29},"end":{"line":28,"column":2}},"9":{"start":{"line":31,"column":7},"end":{"line":124,"column":null}},"10":{"start":{"line":33,"column":21},"end":{"line":33,"column":32}},"11":{"start":{"line":34,"column":41},"end":{"line":34,"column":53}},"12":{"start":{"line":35,"column":43},"end":{"line":35,"column":50}},"13":{"start":{"line":40,"column":21},"end":{"line":43,"column":6}},"14":{"start":{"line":44,"column":4},"end":{"line":44,"column":30}},"15":{"start":{"line":44,"column":18},"end":{"line":44,"column":30}},"16":{"start":{"line":47,"column":17},"end":{"line":49,"column":null}},"17":{"start":{"line":51,"column":4},"end":{"line":51,"column":26}},"18":{"start":{"line":51,"column":14},"end":{"line":51,"column":26}},"19":{"start":{"line":53,"column":20},"end":{"line":53,"column":64}},"20":{"start":{"line":56,"column":4},"end":{"line":58,"column":5}},"21":{"start":{"line":56,"column":41},"end":{"line":56,"column":67}},"22":{"start":{"line":57,"column":6},"end":{"line":57,"column":18}},"23":{"start":{"line":60,"column":21},"end":{"line":60,"column":43}},"24":{"start":{"line":61,"column":4},"end":{"line":61,"column":31}},"25":{"start":{"line":61,"column":19},"end":{"line":61,"column":31}},"26":{"start":{"line":63,"column":25},"end":{"line":63,"column":62}},"27":{"start":{"line":64,"column":4},"end":{"line":64,"column":55}},"28":{"start":{"line":70,"column":21},"end":{"line":70,"column":47}},"29":{"start":{"line":71,"column":19},"end":{"line":71,"column":49}},"30":{"start":{"line":72,"column":4},"end":{"line":74,"column":5}},"31":{"start":{"line":73,"column":6},"end":{"line":73,"column":57}},"32":{"start":{"line":76,"column":17},"end":{"line":78,"column":null}},"33":{"start":{"line":80,"column":16},"end":{"line":83,"column":6}},"34":{"start":{"line":84,"column":4},"end":{"line":84,"column":62}},"35":{"start":{"line":85,"column":4},"end":{"line":85,"column":15}},"36":{"start":{"line":89,"column":19},"end":{"line":89,"column":42}},"37":{"start":{"line":90,"column":23},"end":{"line":91,"column":null}},"38":{"start":{"line":94,"column":4},"end":{"line":122,"column":5}},"39":{"start":{"line":96,"column":8},"end":{"line":96,"column":44}},"40":{"start":{"line":96,"column":32},"end":{"line":96,"column":44}},"41":{"start":{"line":97,"column":25},"end":{"line":97,"column":52}},"42":{"start":{"line":98,"column":8},"end":{"line":98,"column":47}},"43":{"start":{"line":98,"column":35},"end":{"line":98,"column":47}},"44":{"start":{"line":99,"column":8},"end":{"line":102,"column":10}},"45":{"start":{"line":105,"column":8},"end":{"line":105,"column":20}},"46":{"start":{"line":108,"column":8},"end":{"line":108,"column":37}},"47":{"start":{"line":108,"column":25},"end":{"line":108,"column":37}},"48":{"start":{"line":109,"column":8},"end":{"line":112,"column":10}},"49":{"start":{"line":115,"column":8},"end":{"line":118,"column":10}},"50":{"start":{"line":121,"column":8},"end":{"line":121,"column":20}},"51":{"start":{"line":31,"column":13},"end":{"line":31,"column":30}},"52":{"start":{"line":31,"column":13},"end":{"line":124,"column":null}}},"fnMap":{"0":{"name":"(anonymous_5)","decl":{"start":{"line":32,"column":2},"end":{"line":32,"column":null}},"loc":{"start":{"line":35,"column":55},"end":{"line":36,"column":6}}},"1":{"name":"(anonymous_6)","decl":{"start":{"line":38,"column":2},"end":{"line":38,"column":7}},"loc":{"start":{"line":38,"column":45},"end":{"line":65,"column":3}}},"2":{"name":"(anonymous_7)","decl":{"start":{"line":56,"column":34},"end":{"line":56,"column":35}},"loc":{"start":{"line":56,"column":41},"end":{"line":56,"column":67}}},"3":{"name":"(anonymous_8)","decl":{"start":{"line":67,"column":10},"end":{"line":67,"column":15}},"loc":{"start":{"line":68,"column":20},"end":{"line":86,"column":3}}},"4":{"name":"(anonymous_9)","decl":{"start":{"line":88,"column":10},"end":{"line":88,"column":18}},"loc":{"start":{"line":88,"column":61},"end":{"line":123,"column":3}}}},"branchMap":{"0":{"loc":{"start":{"line":44,"column":4},"end":{"line":44,"column":30}},"type":"if","locations":[{"start":{"line":44,"column":4},"end":{"line":44,"column":30}},{"start":{},"end":{}}]},"1":{"loc":{"start":{"line":51,"column":4},"end":{"line":51,"column":26}},"type":"if","locations":[{"start":{"line":51,"column":4},"end":{"line":51,"column":26}},{"start":{},"end":{}}]},"2":{"loc":{"start":{"line":56,"column":4},"end":{"line":58,"column":5}},"type":"if","locations":[{"start":{"line":56,"column":4},"end":{"line":58,"column":5}},{"start":{},"end":{}}]},"3":{"loc":{"start":{"line":61,"column":4},"end":{"line":61,"column":31}},"type":"if","locations":[{"start":{"line":61,"column":4},"end":{"line":61,"column":31}},{"start":{},"end":{}}]},"4":{"loc":{"start":{"line":72,"column":4},"end":{"line":74,"column":5}},"type":"if","locations":[{"start":{"line":72,"column":4},"end":{"line":74,"column":5}},{"start":{},"end":{}}]},"5":{"loc":{"start":{"line":80,"column":16},"end":{"line":83,"column":6}},"type":"binary-expr","locations":[{"start":{"line":80,"column":16},"end":{"line":80,"column":23}},{"start":{"line":80,"column":27},"end":{"line":83,"column":6}}]},"6":{"loc":{"start":{"line":94,"column":4},"end":{"line":122,"column":5}},"type":"switch","locations":[{"start":{"line":95,"column":6},"end":{"line":103,"column":7}},{"start":{"line":104,"column":6},"end":{"line":105,"column":20}},{"start":{"line":107,"column":6},"end":{"line":112,"column":10}},{"start":{"line":114,"column":6},"end":{"line":118,"column":10}},{"start":{"line":120,"column":6},"end":{"line":121,"column":20}}]},"7":{"loc":{"start":{"line":96,"column":8},"end":{"line":96,"column":44}},"type":"if","locations":[{"start":{"line":96,"column":8},"end":{"line":96,"column":44}},{"start":{},"end":{}}]},"8":{"loc":{"start":{"line":98,"column":8},"end":{"line":98,"column":47}},"type":"if","locations":[{"start":{"line":98,"column":8},"end":{"line":98,"column":47}},{"start":{},"end":{}}]},"9":{"loc":{"start":{"line":108,"column":8},"end":{"line":108,"column":37}},"type":"if","locations":[{"start":{"line":108,"column":8},"end":{"line":108,"column":37}},{"start":{},"end":{}}]},"10":{"loc":{"start":{"line":33,"column":32},"end":{"line":33,"column":null}},"type":"cond-expr","locations":[{"start":{"line":33,"column":41},"end":{"line":33,"column":null}},{"start":{"line":33,"column":41},"end":{"line":33,"column":null}}]},"11":{"loc":{"start":{"line":33,"column":32},"end":{"line":33,"column":41}},"type":"binary-expr","locations":[{"start":{"line":33,"column":32},"end":{"line":33,"column":null}},{"start":{"line":33,"column":32},"end":{"line":33,"column":41}}]},"12":{"loc":{"start":{"line":33,"column":41},"end":{"line":34,"column":null}},"type":"cond-expr","locations":[{"start":{"line":34,"column":63},"end":{"line":34,"column":null}},{"start":{"line":34,"column":63},"end":{"line":34,"column":null}}]},"13":{"loc":{"start":{"line":33,"column":41},"end":{"line":34,"column":63}},"type":"binary-expr","locations":[{"start":{"line":33,"column":41},"end":{"line":34,"column":null}},{"start":{"line":34,"column":53},"end":{"line":34,"column":63}}]},"14":{"loc":{"start":{"line":34,"column":63},"end":{"line":35,"column":null}},"type":"cond-expr","locations":[{"start":{"line":35,"column":55},"end":{"line":35,"column":null}},{"start":{"line":35,"column":55},"end":{"line":35,"column":null}}]},"15":{"loc":{"start":{"line":34,"column":63},"end":{"line":35,"column":55}},"type":"binary-expr","locations":[{"start":{"line":34,"column":63},"end":{"line":35,"column":null}},{"start":{"line":35,"column":50},"end":{"line":35,"column":55}}]}},"s":{"0":0,"1":0,"2":0,"3":0,"4":0,"5":0,"6":0,"7":0,"8":0,"9":0,"10":0,"11":0,"12":0,"13":0,"14":0,"15":0,"16":0,"17":0,"18":0,"19":0,"20":0,"21":0,"22":0,"23":0,"24":0,"25":0,"26":0,"27":0,"28":0,"29":0,"30":0,"31":0,"32":0,"33":0,"34":0,"35":0,"36":0,"37":0,"38":0,"39":0,"40":0,"41":0,"42":0,"43":0,"44":0,"45":0,"46":0,"47":0,"48":0,"49":0,"50":0,"51":0,"52":0},"f":{"0":0,"1":0,"2":0,"3":0,"4":0},"b":{"0":[0,0],"1":[0,0],"2":[0,0],"3":[0,0],"4":[0,0],"5":[0,0],"6":[0,0,0,0,0],"7":[0,0],"8":[0,0],"9":[0,0],"10":[0,0],"11":[0,0],"12":[0,0],"13":[0,0],"14":[0,0],"15":[0,0]}}
,"C:\\Users\\bhoyee-pc\\Desktop\\pingloyal\\apps\\api\\src\\common\\interceptors\\logging.interceptor.ts": {"path":"C:\\Users\\bhoyee-pc\\Desktop\\pingloyal\\apps\\api\\src\\common\\interceptors\\logging.interceptor.ts","statementMap":{"0":{"start":{"line":1,"column":0},"end":{"line":1,"column":null}},"1":{"start":{"line":9,"column":0},"end":{"line":9,"column":60}},"2":{"start":{"line":11,"column":0},"end":{"line":11,"column":49}},"3":{"start":{"line":16,"column":2},"end":{"line":19,"column":5}},"4":{"start":{"line":17,"column":4},"end":{"line":17,"column":31}},"5":{"start":{"line":17,"column":22},"end":{"line":17,"column":31}},"6":{"start":{"line":18,"column":4},"end":{"line":18,"column":48}},"7":{"start":{"line":23,"column":7},"end":{"line":59,"column":null}},"8":{"start":{"line":26,"column":21},"end":{"line":26,"column":42}},"9":{"start":{"line":30,"column":20},"end":{"line":30,"column":64}},"10":{"start":{"line":31,"column":44},"end":{"line":31,"column":51}},"11":{"start":{"line":32,"column":21},"end":{"line":32,"column":58}},"12":{"start":{"line":33,"column":18},"end":{"line":33,"column":28}},"13":{"start":{"line":35,"column":4},"end":{"line":57,"column":6}},"14":{"start":{"line":37,"column":25},"end":{"line":37,"column":71}},"15":{"start":{"line":38,"column":25},"end":{"line":38,"column":43}},"16":{"start":{"line":39,"column":8},"end":{"line":44,"column":10}},"17":{"start":{"line":47,"column":25},"end":{"line":47,"column":43}},"18":{"start":{"line":48,"column":20},"end":{"line":48,"column":74}},"19":{"start":{"line":49,"column":8},"end":{"line":54,"column":10}},"20":{"start":{"line":55,"column":8},"end":{"line":55,"column":20}},"21":{"start":{"line":23,"column":13},"end":{"line":23,"column":31}},"22":{"start":{"line":23,"column":13},"end":{"line":59,"column":null}}},"fnMap":{"0":{"name":"maskPhones","decl":{"start":{"line":15,"column":9},"end":{"line":15,"column":19}},"loc":{"start":{"line":15,"column":32},"end":{"line":20,"column":1}}},"1":{"name":"(anonymous_5)","decl":{"start":{"line":16,"column":38},"end":{"line":16,"column":39}},"loc":{"start":{"line":16,"column":44},"end":{"line":19,"column":3}}},"2":{"name":"(anonymous_6)","decl":{"start":{"line":24,"column":2},"end":{"line":24,"column":null}},"loc":{"start":{"line":26,"column":42},"end":{"line":27,"column":6}}},"3":{"name":"(anonymous_7)","decl":{"start":{"line":29,"column":2},"end":{"line":29,"column":11}},"loc":{"start":{"line":29,"column":56},"end":{"line":58,"column":3}}},"4":{"name":"(anonymous_8)","decl":{"start":{"line":36,"column":10},"end":{"line":36,"column":13}},"loc":{"start":{"line":36,"column":15},"end":{"line":45,"column":7}}},"5":{"name":"(anonymous_9)","decl":{"start":{"line":46,"column":17},"end":{"line":46,"column":18}},"loc":{"start":{"line":46,"column":36},"end":{"line":56,"column":7}}}},"branchMap":{"0":{"loc":{"start":{"line":17,"column":4},"end":{"line":17,"column":31}},"type":"if","locations":[{"start":{"line":17,"column":4},"end":{"line":17,"column":31}},{"start":{},"end":{}}]},"1":{"loc":{"start":{"line":32,"column":21},"end":{"line":32,"column":58}},"type":"binary-expr","locations":[{"start":{"line":32,"column":21},"end":{"line":32,"column":43}},{"start":{"line":32,"column":47},"end":{"line":32,"column":58}}]},"2":{"loc":{"start":{"line":48,"column":20},"end":{"line":48,"column":74}},"type":"cond-expr","locations":[{"start":{"line":48,"column":45},"end":{"line":48,"column":58}},{"start":{"line":48,"column":61},"end":{"line":48,"column":74}}]}},"s":{"0":0,"1":0,"2":0,"3":0,"4":0,"5":0,"6":0,"7":0,"8":0,"9":0,"10":0,"11":0,"12":0,"13":0,"14":0,"15":0,"16":0,"17":0,"18":0,"19":0,"20":0,"21":0,"22":0},"f":{"0":0,"1":0,"2":0,"3":0,"4":0,"5":0},"b":{"0":[0,0],"1":[0,0],"2":[0,0]}}
,"C:\\Users\\bhoyee-pc\\Desktop\\pingloyal\\apps\\api\\src\\common\\interceptors\\tenant-scope.interceptor.ts": {"path":"C:\\Users\\bhoyee-pc\\Desktop\\pingloyal\\apps\\api\\src\\common\\interceptors\\tenant-scope.interceptor.ts","statementMap":{"0":{"start":{"line":1,"column":0},"end":{"line":1,"column":null}},"1":{"start":{"line":8,"column":0},"end":{"line":8,"column":41}},"2":{"start":{"line":11,"column":0},"end":{"line":11,"column":63}},"3":{"start":{"line":14,"column":7},"end":{"line":32,"column":null}},"4":{"start":{"line":15,"column":31},"end":{"line":15,"column":42}},"5":{"start":{"line":18,"column":21},"end":{"line":21,"column":6}},"6":{"start":{"line":22,"column":4},"end":{"line":22,"column":39}},"7":{"start":{"line":22,"column":18},"end":{"line":22,"column":39}},"8":{"start":{"line":24,"column":20},"end":{"line":24,"column":64}},"9":{"start":{"line":25,"column":21},"end":{"line":25,"column":43}},"10":{"start":{"line":26,"column":4},"end":{"line":28,"column":5}},"11":{"start":{"line":27,"column":6},"end":{"line":27,"column":61}},"12":{"start":{"line":29,"column":4},"end":{"line":29,"column":32}},"13":{"start":{"line":30,"column":4},"end":{"line":30,"column":25}},"14":{"start":{"line":14,"column":13},"end":{"line":14,"column":35}},"15":{"start":{"line":14,"column":13},"end":{"line":32,"column":null}}},"fnMap":{"0":{"name":"(anonymous_2)","decl":{"start":{"line":15,"column":2},"end":{"line":15,"column":31}},"loc":{"start":{"line":15,"column":51},"end":{"line":15,"column":55}}},"1":{"name":"(anonymous_3)","decl":{"start":{"line":17,"column":2},"end":{"line":17,"column":11}},"loc":{"start":{"line":17,"column":56},"end":{"line":31,"column":3}}}},"branchMap":{"0":{"loc":{"start":{"line":22,"column":4},"end":{"line":22,"column":39}},"type":"if","locations":[{"start":{"line":22,"column":4},"end":{"line":22,"column":39}},{"start":{},"end":{}}]},"1":{"loc":{"start":{"line":26,"column":4},"end":{"line":28,"column":5}},"type":"if","locations":[{"start":{"line":26,"column":4},"end":{"line":28,"column":5}},{"start":{},"end":{}}]},"2":{"loc":{"start":{"line":15,"column":42},"end":{"line":15,"column":54}},"type":"cond-expr","locations":[{"start":{"line":15,"column":51},"end":{"line":15,"column":54}},{"start":{"line":15,"column":51},"end":{"line":15,"column":54}}]},"3":{"loc":{"start":{"line":15,"column":42},"end":{"line":15,"column":51}},"type":"binary-expr","locations":[{"start":{"line":15,"column":42},"end":{"line":15,"column":54}},{"start":{"line":15,"column":42},"end":{"line":15,"column":51}}]}},"s":{"0":0,"1":0,"2":0,"3":0,"4":0,"5":0,"6":0,"7":0,"8":0,"9":0,"10":0,"11":0,"12":0,"13":0,"14":0,"15":0},"f":{"0":0,"1":0},"b":{"0":[0,0],"1":[0,0],"2":[0,0],"3":[0,0]}}
,"C:\\Users\\bhoyee-pc\\Desktop\\pingloyal\\apps\\api\\src\\common\\logger\\winston.config.ts": {"path":"C:\\Users\\bhoyee-pc\\Desktop\\pingloyal\\apps\\api\\src\\common\\logger\\winston.config.ts","statementMap":{"0":{"start":{"line":6,"column":0},"end":{"line":6,"column":16}},"1":{"start":{"line":1,"column":0},"end":{"line":1,"column":29}},"2":{"start":{"line":2,"column":0},"end":{"line":2,"column":25}},"3":{"start":{"line":3,"column":0},"end":{"line":3,"column":35}},"4":{"start":{"line":10,"column":2},"end":{"line":31,"column":3}},"5":{"start":{"line":11,"column":20},"end":{"line":11,"column":55}},"6":{"start":{"line":12,"column":4},"end":{"line":12,"column":47}},"7":{"start":{"line":14,"column":4},"end":{"line":30,"column":6}},"8":{"start":{"line":34,"column":2},"end":{"line":49,"column":4}},"9":{"start":{"line":42,"column":22},"end":{"line":42,"column":66}},"10":{"start":{"line":43,"column":22},"end":{"line":43,"column":68}},"11":{"start":{"line":44,"column":10},"end":{"line":44,"column":87}}},"fnMap":{"0":{"name":"createWinstonConfig","decl":{"start":{"line":6,"column":16},"end":{"line":6,"column":35}},"loc":{"start":{"line":8,"column":18},"end":{"line":50,"column":1}}},"1":{"name":"(anonymous_10)","decl":{"start":{"line":41,"column":8},"end":{"line":41,"column":9}},"loc":{"start":{"line":41,"column":62},"end":{"line":45,"column":9}}}},"branchMap":{"0":{"loc":{"start":{"line":10,"column":2},"end":{"line":31,"column":3}},"type":"if","locations":[{"start":{"line":10,"column":2},"end":{"line":31,"column":3}},{"start":{},"end":{}}]},"1":{"loc":{"start":{"line":42,"column":22},"end":{"line":42,"column":66}},"type":"cond-expr","locations":[{"start":{"line":42,"column":32},"end":{"line":42,"column":56}},{"start":{"line":42,"column":59},"end":{"line":42,"column":66}}]},"2":{"loc":{"start":{"line":43,"column":22},"end":{"line":43,"column":68}},"type":"cond-expr","locations":[{"start":{"line":43,"column":34},"end":{"line":43,"column":63}},{"start":{"line":43,"column":66},"end":{"line":43,"column":68}}]}},"s":{"0":0,"1":0,"2":0,"3":0,"4":0,"5":0,"6":0,"7":0,"8":0,"9":0,"10":0,"11":0},"f":{"0":0,"1":0},"b":{"0":[0,0],"1":[0,0],"2":[0,0]}}
,"C:\\Users\\bhoyee-pc\\Desktop\\pingloyal\\apps\\api\\src\\common\\middleware\\request-id.middleware.ts": {"path":"C:\\Users\\bhoyee-pc\\Desktop\\pingloyal\\apps\\api\\src\\common\\middleware\\request-id.middleware.ts","statementMap":{"0":{"start":{"line":1,"column":0},"end":{"line":1,"column":60}},"1":{"start":{"line":5,"column":7},"end":{"line":13,"column":null}},"2":{"start":{"line":8,"column":7},"end":{"line":8,"column":68}},"3":{"start":{"line":9,"column":4},"end":{"line":9,"column":23}},"4":{"start":{"line":10,"column":4},"end":{"line":10,"column":45}},"5":{"start":{"line":11,"column":4},"end":{"line":11,"column":11}},"6":{"start":{"line":5,"column":13},"end":{"line":5,"column":32}},"7":{"start":{"line":5,"column":13},"end":{"line":13,"column":null}}},"fnMap":{"0":{"name":"(anonymous_1)","decl":{"start":{"line":6,"column":2},"end":{"line":6,"column":5}},"loc":{"start":{"line":6,"column":53},"end":{"line":12,"column":3}}}},"branchMap":{"0":{"loc":{"start":{"line":8,"column":7},"end":{"line":8,"column":68}},"type":"binary-expr","locations":[{"start":{"line":8,"column":7},"end":{"line":8,"column":45}},{"start":{"line":8,"column":49},"end":{"line":8,"column":68}}]}},"s":{"0":0,"1":0,"2":0,"3":0,"4":0,"5":0,"6":0,"7":0},"f":{"0":0},"b":{"0":[0,0]}}
,"C:\\Users\\bhoyee-pc\\Desktop\\pingloyal\\apps\\api\\src\\common\\redis\\redis.constants.ts": {"path":"C:\\Users\\bhoyee-pc\\Desktop\\pingloyal\\apps\\api\\src\\common\\redis\\redis.constants.ts","statementMap":{"0":{"start":{"line":1,"column":13},"end":{"line":1,"column":43}}},"fnMap":{},"branchMap":{},"s":{"0":3},"f":{},"b":{}}
,"C:\\Users\\bhoyee-pc\\Desktop\\pingloyal\\apps\\api\\src\\common\\redis\\redis.module.ts": {"path":"C:\\Users\\bhoyee-pc\\Desktop\\pingloyal\\apps\\api\\src\\common\\redis\\redis.module.ts","statementMap":{"0":{"start":{"line":1,"column":0},"end":{"line":1,"column":48}},"1":{"start":{"line":2,"column":0},"end":{"line":2,"column":49}},"2":{"start":{"line":3,"column":0},"end":{"line":3,"column":49}},"3":{"start":{"line":10,"column":7},"end":{"line":10,"column":null}},"4":{"start":{"line":10,"column":13},"end":{"line":10,"column":24}},"5":{"start":{"line":10,"column":13},"end":{"line":10,"column":null}}},"fnMap":{},"branchMap":{},"s":{"0":0,"1":0,"2":0,"3":0,"4":0,"5":0},"f":{},"b":{}}
,"C:\\Users\\bhoyee-pc\\Desktop\\pingloyal\\apps\\api\\src\\common\\redis\\redis.provider.ts": {"path":"C:\\Users\\bhoyee-pc\\Desktop\\pingloyal\\apps\\api\\src\\common\\redis\\redis.provider.ts","statementMap":{"0":{"start":{"line":2,"column":0},"end":{"line":2,"column":47}},"1":{"start":{"line":3,"column":0},"end":{"line":3,"column":28}},"2":{"start":{"line":4,"column":0},"end":{"line":4,"column":49}},"3":{"start":{"line":6,"column":13},"end":{"line":19,"column":2}},"4":{"start":{"line":10,"column":19},"end":{"line":13,"column":6}},"5":{"start":{"line":14,"column":4},"end":{"line":16,"column":6}},"6":{"start":{"line":15,"column":6},"end":{"line":15,"column":57}},"7":{"start":{"line":17,"column":4},"end":{"line":17,"column":18}}},"fnMap":{"0":{"name":"(anonymous_1)","decl":{"start":{"line":9,"column":14},"end":{"line":9,"column":15}},"loc":{"start":{"line":9,"column":47},"end":{"line":18,"column":3}}},"1":{"name":"(anonymous_2)","decl":{"start":{"line":14,"column":23},"end":{"line":14,"column":24}},"loc":{"start":{"line":15,"column":6},"end":{"line":15,"column":57}}}},"branchMap":{},"s":{"0":0,"1":0,"2":0,"3":0,"4":0,"5":0,"6":0,"7":0},"f":{"0":0,"1":0},"b":{}}
,"C:\\Users\\bhoyee-pc\\Desktop\\pingloyal\\apps\\api\\src\\common\\types\\express.d.ts": {"path":"C:\\Users\\bhoyee-pc\\Desktop\\pingloyal\\apps\\api\\src\\common\\types\\express.d.ts","statementMap":{},"fnMap":{},"branchMap":{},"s":{},"f":{},"b":{}}
,"C:\\Users\\bhoyee-pc\\Desktop\\pingloyal\\apps\\api\\src\\config\\env.validation.ts": {"path":"C:\\Users\\bhoyee-pc\\Desktop\\pingloyal\\apps\\api\\src\\config\\env.validation.ts","statementMap":{"0":{"start":{"line":1,"column":0},"end":{"line":1,"column":27}},"1":{"start":{"line":3,"column":13},"end":{"line":50,"column":35}}},"fnMap":{},"branchMap":{},"s":{"0":0,"1":0},"f":{},"b":{}}
,"C:\\Users\\bhoyee-pc\\Desktop\\pingloyal\\apps\\api\\src\\database\\data-source.ts": {"path":"C:\\Users\\bhoyee-pc\\Desktop\\pingloyal\\apps\\api\\src\\database\\data-source.ts","statementMap":{"0":{"start":{"line":1,"column":0},"end":{"line":1,"column":37}},"1":{"start":{"line":2,"column":0},"end":{"line":2,"column":29}},"2":{"start":{"line":3,"column":0},"end":{"line":3,"column":33}},"3":{"start":{"line":4,"column":0},"end":{"line":4,"column":64}},"4":{"start":{"line":8,"column":0},"end":{"line":8,"column":60}},"5":{"start":{"line":9,"column":0},"end":{"line":9,"column":66}},"6":{"start":{"line":11,"column":0},"end":{"line":15,"column":1}},"7":{"start":{"line":12,"column":2},"end":{"line":14,"column":4}},"8":{"start":{"line":18,"column":13},"end":{"line":27,"column":3}}},"fnMap":{},"branchMap":{"0":{"loc":{"start":{"line":11,"column":0},"end":{"line":15,"column":1}},"type":"if","locations":[{"start":{"line":11,"column":0},"end":{"line":15,"column":1}},{"start":{},"end":{}}]}},"s":{"0":0,"1":0,"2":0,"3":0,"4":0,"5":0,"6":0,"7":0,"8":0},"f":{},"b":{"0":[0,0]}}
,"C:\\Users\\bhoyee-pc\\Desktop\\pingloyal\\apps\\api\\src\\database\\database.module.ts": {"path":"C:\\Users\\bhoyee-pc\\Desktop\\pingloyal\\apps\\api\\src\\database\\database.module.ts","statementMap":{"0":{"start":{"line":1,"column":0},"end":{"line":1,"column":40}},"1":{"start":{"line":2,"column":0},"end":{"line":2,"column":48}},"2":{"start":{"line":3,"column":0},"end":{"line":3,"column":61}},"3":{"start":{"line":4,"column":0},"end":{"line":4,"column":64}},"4":{"start":{"line":5,"column":0},"end":{"line":5,"column":null}},"5":{"start":{"line":23,"column":21},"end":{"line":39,"column":2}},"6":{"start":{"line":62,"column":7},"end":{"line":62,"column":null}},"7":{"start":{"line":62,"column":13},"end":{"line":62,"column":27}},"8":{"start":{"line":62,"column":13},"end":{"line":62,"column":null}},"9":{"start":{"line":46,"column":46},"end":{"line":57,"column":8}}},"fnMap":{"0":{"name":"(anonymous_1)","decl":{"start":{"line":46,"column":18},"end":{"line":46,"column":19}},"loc":{"start":{"line":46,"column":46},"end":{"line":57,"column":8}}}},"branchMap":{},"s":{"0":0,"1":0,"2":0,"3":0,"4":0,"5":0,"6":0,"7":0,"8":0,"9":0},"f":{"0":0},"b":{}}
,"C:\\Users\\bhoyee-pc\\Desktop\\pingloyal\\apps\\api\\src\\database\\run-migrations.ts": {"path":"C:\\Users\\bhoyee-pc\\Desktop\\pingloyal\\apps\\api\\src\\database\\run-migrations.ts","statementMap":{"0":{"start":{"line":9,"column":0},"end":{"line":9,"column":26}},"1":{"start":{"line":10,"column":0},"end":{"line":10,"column":46}},"2":{"start":{"line":12,"column":0},"end":{"line":33,"column":5}},"3":{"start":{"line":14,"column":4},"end":{"line":14,"column":58}},"4":{"start":{"line":15,"column":20},"end":{"line":15,"column":56}},"5":{"start":{"line":16,"column":4},"end":{"line":22,"column":5}},"6":{"start":{"line":17,"column":6},"end":{"line":19,"column":8}},"7":{"start":{"line":20,"column":6},"end":{"line":20,"column":36}},"8":{"start":{"line":21,"column":6},"end":{"line":21,"column":22}},"9":{"start":{"line":23,"column":4},"end":{"line":23,"column":62}},"10":{"start":{"line":24,"column":20},"end":{"line":24,"column":77}},"11":{"start":{"line":25,"column":4},"end":{"line":25,"column":72}},"12":{"start":{"line":26,"column":4},"end":{"line":26,"column":57}},"13":{"start":{"line":26,"column":27},"end":{"line":26,"column":55}},"14":{"start":{"line":27,"column":4},"end":{"line":27,"column":34}},"15":{"start":{"line":28,"column":4},"end":{"line":28,"column":20}},"16":{"start":{"line":31,"column":4},"end":{"line":31,"column":47}},"17":{"start":{"line":32,"column":4},"end":{"line":32,"column":20}}},"fnMap":{"0":{"name":"(anonymous_0)","decl":{"start":{"line":13,"column":8},"end":{"line":13,"column":13}},"loc":{"start":{"line":13,"column":19},"end":{"line":29,"column":3}}},"1":{"name":"(anonymous_1)","decl":{"start":{"line":26,"column":20},"end":{"line":26,"column":21}},"loc":{"start":{"line":26,"column":27},"end":{"line":26,"column":55}}},"2":{"name":"(anonymous_2)","decl":{"start":{"line":30,"column":9},"end":{"line":30,"column":10}},"loc":{"start":{"line":30,"column":26},"end":{"line":33,"column":3}}}},"branchMap":{"0":{"loc":{"start":{"line":16,"column":4},"end":{"line":22,"column":5}},"type":"if","locations":[{"start":{"line":16,"column":4},"end":{"line":22,"column":5}},{"start":{},"end":{}}]}},"s":{"0":0,"1":0,"2":0,"3":0,"4":0,"5":0,"6":0,"7":0,"8":0,"9":0,"10":0,"11":0,"12":0,"13":0,"14":0,"15":0,"16":0,"17":0},"f":{"0":0,"1":0,"2":0},"b":{"0":[0,0]}}
,"C:\\Users\\bhoyee-pc\\Desktop\\pingloyal\\apps\\api\\src\\database\\entities\\index.ts": {"path":"C:\\Users\\bhoyee-pc\\Desktop\\pingloyal\\apps\\api\\src\\database\\entities\\index.ts","statementMap":{"0":{"start":{"line":3,"column":0},"end":{"line":3,"column":9}},"1":{"start":{"line":3,"column":9},"end":{"line":3,"column":70}},"2":{"start":{"line":4,"column":0},"end":{"line":4,"column":9}},"3":{"start":{"line":4,"column":9},"end":{"line":4,"column":79}},"4":{"start":{"line":5,"column":0},"end":{"line":5,"column":9}},"5":{"start":{"line":5,"column":9},"end":{"line":5,"column":89}},"6":{"start":{"line":6,"column":0},"end":{"line":6,"column":9}},"7":{"start":{"line":6,"column":9},"end":{"line":6,"column":63}},"8":{"start":{"line":7,"column":0},"end":{"line":7,"column":9}},"9":{"start":{"line":7,"column":9},"end":{"line":7,"column":76}},"10":{"start":{"line":8,"column":0},"end":{"line":8,"column":9}},"11":{"start":{"line":8,"column":9},"end":{"line":8,"column":85}},"12":{"start":{"line":9,"column":0},"end":{"line":9,"column":9}},"13":{"start":{"line":9,"column":9},"end":{"line":9,"column":88}},"14":{"start":{"line":10,"column":0},"end":{"line":10,"column":9}},"15":{"start":{"line":10,"column":9},"end":{"line":10,"column":76}},"16":{"start":{"line":11,"column":0},"end":{"line":11,"column":9}},"17":{"start":{"line":11,"column":9},"end":{"line":11,"column":83}},"18":{"start":{"line":12,"column":0},"end":{"line":12,"column":9}},"19":{"start":{"line":12,"column":9},"end":{"line":12,"column":80}},"20":{"start":{"line":13,"column":0},"end":{"line":13,"column":9}},"21":{"start":{"line":13,"column":9},"end":{"line":13,"column":85}},"22":{"start":{"line":14,"column":0},"end":{"line":14,"column":9}},"23":{"start":{"line":14,"column":9},"end":{"line":14,"column":82}},"24":{"start":{"line":15,"column":0},"end":{"line":15,"column":9}},"25":{"start":{"line":15,"column":9},"end":{"line":15,"column":93}},"26":{"start":{"line":16,"column":0},"end":{"line":16,"column":9}},"27":{"start":{"line":16,"column":9},"end":{"line":16,"column":87}},"28":{"start":{"line":17,"column":0},"end":{"line":17,"column":9}},"29":{"start":{"line":17,"column":9},"end":{"line":17,"column":87}}},"fnMap":{"0":{"name":"(anonymous_0)","decl":{"start":{"line":3,"column":9},"end":{"line":3,"column":15}},"loc":{"start":{"line":3,"column":9},"end":{"line":3,"column":70}}},"1":{"name":"(anonymous_1)","decl":{"start":{"line":4,"column":9},"end":{"line":4,"column":19}},"loc":{"start":{"line":4,"column":9},"end":{"line":4,"column":79}}},"2":{"name":"(anonymous_2)","decl":{"start":{"line":5,"column":9},"end":{"line":5,"column":24}},"loc":{"start":{"line":5,"column":9},"end":{"line":5,"column":89}}},"3":{"name":"(anonymous_3)","decl":{"start":{"line":6,"column":9},"end":{"line":6,"column":13}},"loc":{"start":{"line":6,"column":9},"end":{"line":6,"column":63}}},"4":{"name":"(anonymous_4)","decl":{"start":{"line":7,"column":9},"end":{"line":7,"column":17}},"loc":{"start":{"line":7,"column":9},"end":{"line":7,"column":76}}},"5":{"name":"(anonymous_5)","decl":{"start":{"line":8,"column":9},"end":{"line":8,"column":20}},"loc":{"start":{"line":8,"column":9},"end":{"line":8,"column":85}}},"6":{"name":"(anonymous_6)","decl":{"start":{"line":9,"column":9},"end":{"line":9,"column":21}},"loc":{"start":{"line":9,"column":9},"end":{"line":9,"column":88}}},"7":{"name":"(anonymous_7)","decl":{"start":{"line":10,"column":9},"end":{"line":10,"column":17}},"loc":{"start":{"line":10,"column":9},"end":{"line":10,"column":76}}},"8":{"name":"(anonymous_8)","decl":{"start":{"line":11,"column":9},"end":{"line":11,"column":20}},"loc":{"start":{"line":11,"column":9},"end":{"line":11,"column":83}}},"9":{"name":"(anonymous_9)","decl":{"start":{"line":12,"column":9},"end":{"line":12,"column":19}},"loc":{"start":{"line":12,"column":9},"end":{"line":12,"column":80}}},"10":{"name":"(anonymous_10)","decl":{"start":{"line":13,"column":9},"end":{"line":13,"column":20}},"loc":{"start":{"line":13,"column":9},"end":{"line":13,"column":85}}},"11":{"name":"(anonymous_11)","decl":{"start":{"line":14,"column":9},"end":{"line":14,"column":21}},"loc":{"start":{"line":14,"column":9},"end":{"line":14,"column":82}}},"12":{"name":"(anonymous_12)","decl":{"start":{"line":15,"column":9},"end":{"line":15,"column":26}},"loc":{"start":{"line":15,"column":9},"end":{"line":15,"column":93}}},"13":{"name":"(anonymous_13)","decl":{"start":{"line":16,"column":9},"end":{"line":16,"column":23}},"loc":{"start":{"line":16,"column":9},"end":{"line":16,"column":87}}},"14":{"name":"(anonymous_14)","decl":{"start":{"line":17,"column":9},"end":{"line":17,"column":23}},"loc":{"start":{"line":17,"column":9},"end":{"line":17,"column":87}}}},"branchMap":{},"s":{"0":0,"1":0,"2":0,"3":0,"4":0,"5":0,"6":0,"7":0,"8":0,"9":0,"10":0,"11":0,"12":0,"13":0,"14":0,"15":0,"16":0,"17":0,"18":0,"19":0,"20":0,"21":0,"22":0,"23":0,"24":0,"25":0,"26":0,"27":0,"28":0,"29":0},"f":{"0":0,"1":0,"2":0,"3":0,"4":0,"5":0,"6":0,"7":0,"8":0,"9":0,"10":0,"11":0,"12":0,"13":0,"14":0},"b":{}}
,"C:\\Users\\bhoyee-pc\\Desktop\\pingloyal\\apps\\api\\src\\database\\migrations\\1700000000001-CreateTenants.ts": {"path":"C:\\Users\\bhoyee-pc\\Desktop\\pingloyal\\apps\\api\\src\\database\\migrations\\1700000000001-CreateTenants.ts","statementMap":{"0":{"start":{"line":4,"column":9},"end":{"line":4,"column":37}},"1":{"start":{"line":7,"column":4},"end":{"line":52,"column":7}},"2":{"start":{"line":56,"column":4},"end":{"line":56,"column":50}},"3":{"start":{"line":3,"column":0},"end":{"line":3,"column":13}}},"fnMap":{"0":{"name":"(anonymous_0)","decl":{"start":{"line":6,"column":9},"end":{"line":6,"column":14}},"loc":{"start":{"line":6,"column":42},"end":{"line":53,"column":3}}},"1":{"name":"(anonymous_1)","decl":{"start":{"line":55,"column":9},"end":{"line":55,"column":14}},"loc":{"start":{"line":55,"column":44},"end":{"line":57,"column":3}}}},"branchMap":{},"s":{"0":0,"1":0,"2":0,"3":0},"f":{"0":0,"1":0},"b":{}}
,"C:\\Users\\bhoyee-pc\\Desktop\\pingloyal\\apps\\api\\src\\database\\migrations\\1700000000002-CreateTierConfigs.ts": {"path":"C:\\Users\\bhoyee-pc\\Desktop\\pingloyal\\apps\\api\\src\\database\\migrations\\1700000000002-CreateTierConfigs.ts","statementMap":{"0":{"start":{"line":4,"column":9},"end":{"line":4,"column":41}},"1":{"start":{"line":7,"column":4},"end":{"line":22,"column":7}},"2":{"start":{"line":23,"column":4},"end":{"line":25,"column":6}},"3":{"start":{"line":29,"column":4},"end":{"line":29,"column":79}},"4":{"start":{"line":30,"column":4},"end":{"line":30,"column":55}},"5":{"start":{"line":3,"column":0},"end":{"line":3,"column":13}}},"fnMap":{"0":{"name":"(anonymous_0)","decl":{"start":{"line":6,"column":9},"end":{"line":6,"column":14}},"loc":{"start":{"line":6,"column":42},"end":{"line":26,"column":3}}},"1":{"name":"(anonymous_1)","decl":{"start":{"line":28,"column":9},"end":{"line":28,"column":14}},"loc":{"start":{"line":28,"column":44},"end":{"line":31,"column":3}}}},"branchMap":{},"s":{"0":0,"1":0,"2":0,"3":0,"4":0,"5":0},"f":{"0":0,"1":0},"b":{}}
,"C:\\Users\\bhoyee-pc\\Desktop\\pingloyal\\apps\\api\\src\\database\\migrations\\1700000000003-CreateUsers.ts": {"path":"C:\\Users\\bhoyee-pc\\Desktop\\pingloyal\\apps\\api\\src\\database\\migrations\\1700000000003-CreateUsers.ts","statementMap":{"0":{"start":{"line":4,"column":9},"end":{"line":4,"column":35}},"1":{"start":{"line":7,"column":4},"end":{"line":24,"column":7}},"2":{"start":{"line":25,"column":4},"end":{"line":27,"column":6}},"3":{"start":{"line":28,"column":4},"end":{"line":30,"column":6}},"4":{"start":{"line":34,"column":4},"end":{"line":34,"column":75}},"5":{"start":{"line":35,"column":4},"end":{"line":35,"column":72}},"6":{"start":{"line":36,"column":4},"end":{"line":36,"column":48}},"7":{"start":{"line":3,"column":0},"end":{"line":3,"column":13}}},"fnMap":{"0":{"name":"(anonymous_0)","decl":{"start":{"line":6,"column":9},"end":{"line":6,"column":14}},"loc":{"start":{"line":6,"column":42},"end":{"line":31,"column":3}}},"1":{"name":"(anonymous_1)","decl":{"start":{"line":33,"column":9},"end":{"line":33,"column":14}},"loc":{"start":{"line":33,"column":44},"end":{"line":37,"column":3}}}},"branchMap":{},"s":{"0":0,"1":0,"2":0,"3":0,"4":0,"5":0,"6":0,"7":0},"f":{"0":0,"1":0},"b":{}}
,"C:\\Users\\bhoyee-pc\\Desktop\\pingloyal\\apps\\api\\src\\database\\migrations\\1700000000004-CreateCustomers.ts": {"path":"C:\\Users\\bhoyee-pc\\Desktop\\pingloyal\\apps\\api\\src\\database\\migrations\\1700000000004-CreateCustomers.ts","statementMap":{"0":{"start":{"line":4,"column":9},"end":{"line":4,"column":39}},"1":{"start":{"line":7,"column":4},"end":{"line":38,"column":7}},"2":{"start":{"line":39,"column":4},"end":{"line":41,"column":6}},"3":{"start":{"line":42,"column":4},"end":{"line":44,"column":6}},"4":{"start":{"line":45,"column":4},"end":{"line":47,"column":6}},"5":{"start":{"line":48,"column":4},"end":{"line":50,"column":6}},"6":{"start":{"line":51,"column":4},"end":{"line":53,"column":6}},"7":{"start":{"line":57,"column":4},"end":{"line":57,"column":80}},"8":{"start":{"line":58,"column":4},"end":{"line":60,"column":6}},"9":{"start":{"line":61,"column":4},"end":{"line":61,"column":78}},"10":{"start":{"line":62,"column":4},"end":{"line":62,"column":79}},"11":{"start":{"line":63,"column":4},"end":{"line":63,"column":76}},"12":{"start":{"line":64,"column":4},"end":{"line":64,"column":52}},"13":{"start":{"line":3,"column":0},"end":{"line":3,"column":13}}},"fnMap":{"0":{"name":"(anonymous_0)","decl":{"start":{"line":6,"column":9},"end":{"line":6,"column":14}},"loc":{"start":{"line":6,"column":42},"end":{"line":54,"column":3}}},"1":{"name":"(anonymous_1)","decl":{"start":{"line":56,"column":9},"end":{"line":56,"column":14}},"loc":{"start":{"line":56,"column":44},"end":{"line":65,"column":3}}}},"branchMap":{},"s":{"0":0,"1":0,"2":0,"3":0,"4":0,"5":0,"6":0,"7":0,"8":0,"9":0,"10":0,"11":0,"12":0,"13":0},"f":{"0":0,"1":0},"b":{}}
,"C:\\Users\\bhoyee-pc\\Desktop\\pingloyal\\apps\\api\\src\\database\\migrations\\1700000000005-CreateProductCategories.ts": {"path":"C:\\Users\\bhoyee-pc\\Desktop\\pingloyal\\apps\\api\\src\\database\\migrations\\1700000000005-CreateProductCategories.ts","statementMap":{"0":{"start":{"line":4,"column":9},"end":{"line":4,"column":47}},"1":{"start":{"line":7,"column":4},"end":{"line":20,"column":7}},"2":{"start":{"line":21,"column":4},"end":{"line":23,"column":6}},"3":{"start":{"line":27,"column":4},"end":{"line":29,"column":6}},"4":{"start":{"line":30,"column":4},"end":{"line":30,"column":61}},"5":{"start":{"line":3,"column":0},"end":{"line":3,"column":13}}},"fnMap":{"0":{"name":"(anonymous_0)","decl":{"start":{"line":6,"column":9},"end":{"line":6,"column":14}},"loc":{"start":{"line":6,"column":42},"end":{"line":24,"column":3}}},"1":{"name":"(anonymous_1)","decl":{"start":{"line":26,"column":9},"end":{"line":26,"column":14}},"loc":{"start":{"line":26,"column":44},"end":{"line":31,"column":3}}}},"branchMap":{},"s":{"0":0,"1":0,"2":0,"3":0,"4":0,"5":0},"f":{"0":0,"1":0},"b":{}}
,"C:\\Users\\bhoyee-pc\\Desktop\\pingloyal\\apps\\api\\src\\database\\migrations\\1700000000006-CreateTransactions.ts": {"path":"C:\\Users\\bhoyee-pc\\Desktop\\pingloyal\\apps\\api\\src\\database\\migrations\\1700000000006-CreateTransactions.ts","statementMap":{"0":{"start":{"line":4,"column":9},"end":{"line":4,"column":42}},"1":{"start":{"line":7,"column":4},"end":{"line":33,"column":7}},"2":{"start":{"line":34,"column":4},"end":{"line":36,"column":6}},"3":{"start":{"line":37,"column":4},"end":{"line":39,"column":6}},"4":{"start":{"line":40,"column":4},"end":{"line":42,"column":6}},"5":{"start":{"line":43,"column":4},"end":{"line":45,"column":6}},"6":{"start":{"line":49,"column":4},"end":{"line":51,"column":6}},"7":{"start":{"line":52,"column":4},"end":{"line":54,"column":6}},"8":{"start":{"line":55,"column":4},"end":{"line":57,"column":6}},"9":{"start":{"line":58,"column":4},"end":{"line":58,"column":79}},"10":{"start":{"line":59,"column":4},"end":{"line":59,"column":55}},"11":{"start":{"line":3,"column":0},"end":{"line":3,"column":13}}},"fnMap":{"0":{"name":"(anonymous_0)","decl":{"start":{"line":6,"column":9},"end":{"line":6,"column":14}},"loc":{"start":{"line":6,"column":42},"end":{"line":46,"column":3}}},"1":{"name":"(anonymous_1)","decl":{"start":{"line":48,"column":9},"end":{"line":48,"column":14}},"loc":{"start":{"line":48,"column":44},"end":{"line":60,"column":3}}}},"branchMap":{},"s":{"0":0,"1":0,"2":0,"3":0,"4":0,"5":0,"6":0,"7":0,"8":0,"9":0,"10":0,"11":0},"f":{"0":0,"1":0},"b":{}}
,"C:\\Users\\bhoyee-pc\\Desktop\\pingloyal\\apps\\api\\src\\database\\migrations\\1700000000007-CreatePointsLedger.ts": {"path":"C:\\Users\\bhoyee-pc\\Desktop\\pingloyal\\apps\\api\\src\\database\\migrations\\1700000000007-CreatePointsLedger.ts","statementMap":{"0":{"start":{"line":4,"column":9},"end":{"line":4,"column":42}},"1":{"start":{"line":7,"column":4},"end":{"line":26,"column":7}},"2":{"start":{"line":27,"column":4},"end":{"line":30,"column":6}},"3":{"start":{"line":34,"column":4},"end":{"line":36,"column":6}},"4":{"start":{"line":37,"column":4},"end":{"line":37,"column":56}},"5":{"start":{"line":3,"column":0},"end":{"line":3,"column":13}}},"fnMap":{"0":{"name":"(anonymous_0)","decl":{"start":{"line":6,"column":9},"end":{"line":6,"column":14}},"loc":{"start":{"line":6,"column":42},"end":{"line":31,"column":3}}},"1":{"name":"(anonymous_1)","decl":{"start":{"line":33,"column":9},"end":{"line":33,"column":14}},"loc":{"start":{"line":33,"column":44},"end":{"line":38,"column":3}}}},"branchMap":{},"s":{"0":0,"1":0,"2":0,"3":0,"4":0,"5":0},"f":{"0":0,"1":0},"b":{}}
,"C:\\Users\\bhoyee-pc\\Desktop\\pingloyal\\apps\\api\\src\\database\\migrations\\1700000000008-CreateCampaigns.ts": {"path":"C:\\Users\\bhoyee-pc\\Desktop\\pingloyal\\apps\\api\\src\\database\\migrations\\1700000000008-CreateCampaigns.ts","statementMap":{"0":{"start":{"line":4,"column":9},"end":{"line":4,"column":39}},"1":{"start":{"line":7,"column":4},"end":{"line":30,"column":7}},"2":{"start":{"line":31,"column":4},"end":{"line":33,"column":6}},"3":{"start":{"line":34,"column":4},"end":{"line":36,"column":6}},"4":{"start":{"line":37,"column":4},"end":{"line":40,"column":6}},"5":{"start":{"line":44,"column":4},"end":{"line":44,"column":79}},"6":{"start":{"line":45,"column":4},"end":{"line":45,"column":80}},"7":{"start":{"line":46,"column":4},"end":{"line":46,"column":76}},"8":{"start":{"line":47,"column":4},"end":{"line":47,"column":52}},"9":{"start":{"line":3,"column":0},"end":{"line":3,"column":13}}},"fnMap":{"0":{"name":"(anonymous_0)","decl":{"start":{"line":6,"column":9},"end":{"line":6,"column":14}},"loc":{"start":{"line":6,"column":42},"end":{"line":41,"column":3}}},"1":{"name":"(anonymous_1)","decl":{"start":{"line":43,"column":9},"end":{"line":43,"column":14}},"loc":{"start":{"line":43,"column":44},"end":{"line":48,"column":3}}}},"branchMap":{},"s":{"0":0,"1":0,"2":0,"3":0,"4":0,"5":0,"6":0,"7":0,"8":0,"9":0},"f":{"0":0,"1":0},"b":{}}
,"C:\\Users\\bhoyee-pc\\Desktop\\pingloyal\\apps\\api\\src\\database\\migrations\\1700000000009-CreateCampaignLogs.ts": {"path":"C:\\Users\\bhoyee-pc\\Desktop\\pingloyal\\apps\\api\\src\\database\\migrations\\1700000000009-CreateCampaignLogs.ts","statementMap":{"0":{"start":{"line":4,"column":9},"end":{"line":4,"column":42}},"1":{"start":{"line":7,"column":4},"end":{"line":28,"column":7}},"2":{"start":{"line":29,"column":4},"end":{"line":31,"column":6}},"3":{"start":{"line":32,"column":4},"end":{"line":34,"column":6}},"4":{"start":{"line":35,"column":4},"end":{"line":37,"column":6}},"5":{"start":{"line":41,"column":4},"end":{"line":43,"column":6}},"6":{"start":{"line":44,"column":4},"end":{"line":46,"column":6}},"7":{"start":{"line":47,"column":4},"end":{"line":49,"column":6}},"8":{"start":{"line":50,"column":4},"end":{"line":50,"column":56}},"9":{"start":{"line":3,"column":0},"end":{"line":3,"column":13}}},"fnMap":{"0":{"name":"(anonymous_0)","decl":{"start":{"line":6,"column":9},"end":{"line":6,"column":14}},"loc":{"start":{"line":6,"column":42},"end":{"line":38,"column":3}}},"1":{"name":"(anonymous_1)","decl":{"start":{"line":40,"column":9},"end":{"line":40,"column":14}},"loc":{"start":{"line":40,"column":44},"end":{"line":51,"column":3}}}},"branchMap":{},"s":{"0":0,"1":0,"2":0,"3":0,"4":0,"5":0,"6":0,"7":0,"8":0,"9":0},"f":{"0":0,"1":0},"b":{}}
,"C:\\Users\\bhoyee-pc\\Desktop\\pingloyal\\apps\\api\\src\\database\\migrations\\1700000000010-CreateTriggerLogs.ts": {"path":"C:\\Users\\bhoyee-pc\\Desktop\\pingloyal\\apps\\api\\src\\database\\migrations\\1700000000010-CreateTriggerLogs.ts","statementMap":{"0":{"start":{"line":4,"column":9},"end":{"line":4,"column":41}},"1":{"start":{"line":7,"column":4},"end":{"line":23,"column":7}},"2":{"start":{"line":24,"column":4},"end":{"line":27,"column":6}},"3":{"start":{"line":31,"column":4},"end":{"line":33,"column":6}},"4":{"start":{"line":34,"column":4},"end":{"line":34,"column":55}},"5":{"start":{"line":3,"column":0},"end":{"line":3,"column":13}}},"fnMap":{"0":{"name":"(anonymous_0)","decl":{"start":{"line":6,"column":9},"end":{"line":6,"column":14}},"loc":{"start":{"line":6,"column":42},"end":{"line":28,"column":3}}},"1":{"name":"(anonymous_1)","decl":{"start":{"line":30,"column":9},"end":{"line":30,"column":14}},"loc":{"start":{"line":30,"column":44},"end":{"line":35,"column":3}}}},"branchMap":{},"s":{"0":0,"1":0,"2":0,"3":0,"4":0,"5":0},"f":{"0":0,"1":0},"b":{}}
,"C:\\Users\\bhoyee-pc\\Desktop\\pingloyal\\apps\\api\\src\\database\\migrations\\1700000000011-CreateIntegrations.ts": {"path":"C:\\Users\\bhoyee-pc\\Desktop\\pingloyal\\apps\\api\\src\\database\\migrations\\1700000000011-CreateIntegrations.ts","statementMap":{"0":{"start":{"line":4,"column":9},"end":{"line":4,"column":42}},"1":{"start":{"line":7,"column":4},"end":{"line":28,"column":7}},"2":{"start":{"line":32,"column":4},"end":{"line":32,"column":55}},"3":{"start":{"line":3,"column":0},"end":{"line":3,"column":13}}},"fnMap":{"0":{"name":"(anonymous_0)","decl":{"start":{"line":6,"column":9},"end":{"line":6,"column":14}},"loc":{"start":{"line":6,"column":42},"end":{"line":29,"column":3}}},"1":{"name":"(anonymous_1)","decl":{"start":{"line":31,"column":9},"end":{"line":31,"column":14}},"loc":{"start":{"line":31,"column":44},"end":{"line":33,"column":3}}}},"branchMap":{},"s":{"0":0,"1":0,"2":0,"3":0},"f":{"0":0,"1":0},"b":{}}
,"C:\\Users\\bhoyee-pc\\Desktop\\pingloyal\\apps\\api\\src\\database\\migrations\\1700000000012-CreateSubscriptions.ts": {"path":"C:\\Users\\bhoyee-pc\\Desktop\\pingloyal\\apps\\api\\src\\database\\migrations\\1700000000012-CreateSubscriptions.ts","statementMap":{"0":{"start":{"line":4,"column":9},"end":{"line":4,"column":43}},"1":{"start":{"line":7,"column":4},"end":{"line":36,"column":7}},"2":{"start":{"line":40,"column":4},"end":{"line":40,"column":56}},"3":{"start":{"line":3,"column":0},"end":{"line":3,"column":13}}},"fnMap":{"0":{"name":"(anonymous_0)","decl":{"start":{"line":6,"column":9},"end":{"line":6,"column":14}},"loc":{"start":{"line":6,"column":42},"end":{"line":37,"column":3}}},"1":{"name":"(anonymous_1)","decl":{"start":{"line":39,"column":9},"end":{"line":39,"column":14}},"loc":{"start":{"line":39,"column":44},"end":{"line":41,"column":3}}}},"branchMap":{},"s":{"0":0,"1":0,"2":0,"3":0},"f":{"0":0,"1":0},"b":{}}
,"C:\\Users\\bhoyee-pc\\Desktop\\pingloyal\\apps\\api\\src\\database\\migrations\\1700000000013-CreateWalletTransactions.ts": {"path":"C:\\Users\\bhoyee-pc\\Desktop\\pingloyal\\apps\\api\\src\\database\\migrations\\1700000000013-CreateWalletTransactions.ts","statementMap":{"0":{"start":{"line":4,"column":9},"end":{"line":4,"column":48}},"1":{"start":{"line":7,"column":4},"end":{"line":22,"column":7}},"2":{"start":{"line":23,"column":4},"end":{"line":26,"column":6}},"3":{"start":{"line":27,"column":4},"end":{"line":30,"column":6}},"4":{"start":{"line":34,"column":4},"end":{"line":36,"column":6}},"5":{"start":{"line":37,"column":4},"end":{"line":39,"column":6}},"6":{"start":{"line":40,"column":4},"end":{"line":40,"column":62}},"7":{"start":{"line":3,"column":0},"end":{"line":3,"column":13}}},"fnMap":{"0":{"name":"(anonymous_0)","decl":{"start":{"line":6,"column":9},"end":{"line":6,"column":14}},"loc":{"start":{"line":6,"column":42},"end":{"line":31,"column":3}}},"1":{"name":"(anonymous_1)","decl":{"start":{"line":33,"column":9},"end":{"line":33,"column":14}},"loc":{"start":{"line":33,"column":44},"end":{"line":41,"column":3}}}},"branchMap":{},"s":{"0":0,"1":0,"2":0,"3":0,"4":0,"5":0,"6":0,"7":0},"f":{"0":0,"1":0},"b":{}}
,"C:\\Users\\bhoyee-pc\\Desktop\\pingloyal\\apps\\api\\src\\database\\migrations\\1700000000014-CreateReportSnapshots.ts": {"path":"C:\\Users\\bhoyee-pc\\Desktop\\pingloyal\\apps\\api\\src\\database\\migrations\\1700000000014-CreateReportSnapshots.ts","statementMap":{"0":{"start":{"line":4,"column":9},"end":{"line":4,"column":45}},"1":{"start":{"line":7,"column":4},"end":{"line":22,"column":7}},"2":{"start":{"line":23,"column":4},"end":{"line":26,"column":6}},"3":{"start":{"line":30,"column":4},"end":{"line":32,"column":6}},"4":{"start":{"line":33,"column":4},"end":{"line":33,"column":59}},"5":{"start":{"line":3,"column":0},"end":{"line":3,"column":13}}},"fnMap":{"0":{"name":"(anonymous_0)","decl":{"start":{"line":6,"column":9},"end":{"line":6,"column":14}},"loc":{"start":{"line":6,"column":42},"end":{"line":27,"column":3}}},"1":{"name":"(anonymous_1)","decl":{"start":{"line":29,"column":9},"end":{"line":29,"column":14}},"loc":{"start":{"line":29,"column":44},"end":{"line":34,"column":3}}}},"branchMap":{},"s":{"0":0,"1":0,"2":0,"3":0,"4":0,"5":0},"f":{"0":0,"1":0},"b":{}}
,"C:\\Users\\bhoyee-pc\\Desktop\\pingloyal\\apps\\api\\src\\database\\migrations\\1700000000015-CreateReportSchedules.ts": {"path":"C:\\Users\\bhoyee-pc\\Desktop\\pingloyal\\apps\\api\\src\\database\\migrations\\1700000000015-CreateReportSchedules.ts","statementMap":{"0":{"start":{"line":4,"column":9},"end":{"line":4,"column":45}},"1":{"start":{"line":7,"column":4},"end":{"line":21,"column":7}},"2":{"start":{"line":25,"column":4},"end":{"line":25,"column":59}},"3":{"start":{"line":3,"column":0},"end":{"line":3,"column":13}}},"fnMap":{"0":{"name":"(anonymous_0)","decl":{"start":{"line":6,"column":9},"end":{"line":6,"column":14}},"loc":{"start":{"line":6,"column":42},"end":{"line":22,"column":3}}},"1":{"name":"(anonymous_1)","decl":{"start":{"line":24,"column":9},"end":{"line":24,"column":14}},"loc":{"start":{"line":24,"column":44},"end":{"line":26,"column":3}}}},"branchMap":{},"s":{"0":0,"1":0,"2":0,"3":0},"f":{"0":0,"1":0},"b":{}}
,"C:\\Users\\bhoyee-pc\\Desktop\\pingloyal\\apps\\api\\src\\health\\health.controller.ts": {"path":"C:\\Users\\bhoyee-pc\\Desktop\\pingloyal\\apps\\api\\src\\health\\health.controller.ts","statementMap":{"0":{"start":{"line":1,"column":0},"end":{"line":1,"column":79}},"1":{"start":{"line":2,"column":0},"end":{"line":2,"column":56}},"2":{"start":{"line":3,"column":0},"end":{"line":3,"column":51}},"3":{"start":{"line":4,"column":0},"end":{"line":4,"column":37}},"4":{"start":{"line":5,"column":0},"end":{"line":5,"column":28}},"5":{"start":{"line":6,"column":0},"end":{"line":6,"column":63}},"6":{"start":{"line":7,"column":0},"end":{"line":7,"column":95}},"7":{"start":{"line":8,"column":0},"end":{"line":8,"column":63}},"8":{"start":{"line":22,"column":7},"end":{"line":71,"column":null}},"9":{"start":{"line":24,"column":41},"end":{"line":24,"column":53}},"10":{"start":{"line":25,"column":43},"end":{"line":25,"column":50}},"11":{"start":{"line":34,"column":36},"end":{"line":37,"column":6}},"12":{"start":{"line":39,"column":23},"end":{"line":39,"column":65}},"13":{"start":{"line":40,"column":38},"end":{"line":44,"column":18}},"14":{"start":{"line":41,"column":13},"end":{"line":41,"column":23}},"15":{"start":{"line":46,"column":4},"end":{"line":51,"column":6}},"16":{"start":{"line":55,"column":4},"end":{"line":60,"column":5}},"17":{"start":{"line":56,"column":6},"end":{"line":56,"column":46}},"18":{"start":{"line":57,"column":6},"end":{"line":57,"column":18}},"19":{"start":{"line":59,"column":6},"end":{"line":59,"column":21}},"20":{"start":{"line":64,"column":4},"end":{"line":69,"column":5}},"21":{"start":{"line":65,"column":19},"end":{"line":65,"column":42}},"22":{"start":{"line":66,"column":6},"end":{"line":66,"column":46}},"23":{"start":{"line":68,"column":6},"end":{"line":68,"column":21}},"24":{"start":{"line":22,"column":13},"end":{"line":22,"column":29}},"25":{"start":{"line":33,"column":8},"end":{"line":52,"column":null}},"26":{"start":{"line":22,"column":13},"end":{"line":71,"column":null}}},"fnMap":{"0":{"name":"(anonymous_5)","decl":{"start":{"line":23,"column":2},"end":{"line":23,"column":null}},"loc":{"start":{"line":25,"column":55},"end":{"line":26,"column":6}}},"1":{"name":"(anonymous_6)","decl":{"start":{"line":33,"column":8},"end":{"line":33,"column":13}},"loc":{"start":{"line":33,"column":13},"end":{"line":52,"column":3}}},"2":{"name":"(anonymous_7)","decl":{"start":{"line":41,"column":6},"end":{"line":41,"column":7}},"loc":{"start":{"line":41,"column":13},"end":{"line":41,"column":23}}},"3":{"name":"(anonymous_8)","decl":{"start":{"line":54,"column":10},"end":{"line":54,"column":15}},"loc":{"start":{"line":54,"column":29},"end":{"line":61,"column":3}}},"4":{"name":"(anonymous_9)","decl":{"start":{"line":63,"column":10},"end":{"line":63,"column":15}},"loc":{"start":{"line":63,"column":26},"end":{"line":70,"column":3}}}},"branchMap":{"0":{"loc":{"start":{"line":40,"column":38},"end":{"line":44,"column":18}},"type":"cond-expr","locations":[{"start":{"line":43,"column":8},"end":{"line":43,"column":12}},{"start":{"line":44,"column":8},"end":{"line":44,"column":18}}]},"1":{"loc":{"start":{"line":49,"column":19},"end":{"line":49,"column":56}},"type":"binary-expr","locations":[{"start":{"line":49,"column":19},"end":{"line":49,"column":39}},{"start":{"line":49,"column":43},"end":{"line":49,"column":56}}]},"2":{"loc":{"start":{"line":66,"column":13},"end":{"line":66,"column":45}},"type":"cond-expr","locations":[{"start":{"line":66,"column":31},"end":{"line":66,"column":35}},{"start":{"line":66,"column":38},"end":{"line":66,"column":45}}]},"3":{"loc":{"start":{"line":33,"column":17},"end":{"line":33,"column":null}},"type":"cond-expr","locations":[{"start":{"line":33,"column":24},"end":{"line":33,"column":null}},{"start":{"line":33,"column":24},"end":{"line":33,"column":null}}]},"4":{"loc":{"start":{"line":33,"column":17},"end":{"line":33,"column":24}},"type":"binary-expr","locations":[{"start":{"line":33,"column":17},"end":{"line":33,"column":null}},{"start":{"line":33,"column":17},"end":{"line":33,"column":24}}]},"5":{"loc":{"start":{"line":24,"column":53},"end":{"line":24,"column":null}},"type":"cond-expr","locations":[{"start":{"line":24,"column":63},"end":{"line":24,"column":null}},{"start":{"line":24,"column":63},"end":{"line":24,"column":null}}]},"6":{"loc":{"start":{"line":24,"column":53},"end":{"line":24,"column":63}},"type":"binary-expr","locations":[{"start":{"line":24,"column":53},"end":{"line":24
[...]
:{"line":279,"column":40}},"91":{"start":{"line":280,"column":4},"end":{"line":280,"column":56}},"92":{"start":{"line":284,"column":4},"end":{"line":292,"column":6}},"93":{"start":{"line":296,"column":4},"end":{"line":299,"column":7}},"94":{"start":{"line":308,"column":21},"end":{"line":311,"column":20}},"95":{"start":{"line":312,"column":21},"end":{"line":312,"column":42}},"96":{"start":{"line":313,"column":21},"end":{"line":313,"column":49}},"97":{"start":{"line":314,"column":4},"end":{"line":314,"column":58}},"98":{"start":{"line":314,"column":45},"end":{"line":314,"column":58}},"99":{"start":{"line":315,"column":4},"end":{"line":315,"column":54}},"100":{"start":{"line":44,"column":13},"end":{"line":44,"column":32}},"101":{"start":{"line":44,"column":13},"end":{"line":317,"column":null}}},"fnMap":{"0":{"name":"(anonymous_14)","decl":{"start":{"line":47,"column":2},"end":{"line":47,"column":null}},"loc":{"start":{"line":50,"column":42},"end":{"line":51,"column":6}}},"1":{"name":"(anonymous_15)","decl":{"start":{"line":55,"column":2},"end":{"line":55,"column":7}},"loc":{"start":{"line":57,"column":24},"end":{"line":131,"column":3}}},"2":{"name":"(anonymous_16)","decl":{"start":{"line":135,"column":2},"end":{"line":135,"column":7}},"loc":{"start":{"line":135,"column":62},"end":{"line":154,"column":3}}},"3":{"name":"(anonymous_17)","decl":{"start":{"line":158,"column":2},"end":{"line":158,"column":7}},"loc":{"start":{"line":158,"column":34},"end":{"line":171,"column":3}}},"4":{"name":"(anonymous_18)","decl":{"start":{"line":175,"column":2},"end":{"line":175,"column":7}},"loc":{"start":{"line":175,"column":43},"end":{"line":206,"column":3}}},"5":{"name":"(anonymous_19)","decl":{"start":{"line":210,"column":2},"end":{"line":210,"column":7}},"loc":{"start":{"line":210,"column":35},"end":{"line":242,"column":3}}},"6":{"name":"(anonymous_20)","decl":{"start":{"line":246,"column":10},"end":{"line":246,"column":15}},"loc":{"start":{"line":249,"column":16},"end":{"line":275,"column":3}}},"7":{"name":"(anonymous_21)","decl":{"start":{"line":277,"column":10},"end":{"line":277,"column":19}},"loc":{"start":{"line":277,"column":40},"end":{"line":281,"column":3}}},"8":{"name":"(anonymous_22)","decl":{"start":{"line":283,"column":10},"end":{"line":283,"column":26}},"loc":{"start":{"line":283,"column":41},"end":{"line":293,"column":3}}},"9":{"name":"(anonymous_23)","decl":{"start":{"line":295,"column":10},"end":{"line":295,"column":15}},"loc":{"start":{"line":295,"column":48},"end":{"line":300,"column":3}}},"10":{"name":"(anonymous_24)","decl":{"start":{"line":303,"column":2},"end":{"line":303,"column":8}},"loc":{"start":{"line":306,"column":18},"end":{"line":316,"column":3}}}},"branchMap":{"0":{"loc":{"start":{"line":60,"column":4},"end":{"line":64,"column":5}},"type":"if","locations":[{"start":{"line":60,"column":4},"end":{"line":64,"column":5}},{"start":{},"end":{}}]},"1":{"loc":{"start":{"line":69,"column":4},"end":{"line":69,"column":61}},"type":"if","locations":[{"start":{"line":69,"column":4},"end":{"line":69,"column":61}},{"start":{},"end":{}}]},"2":{"loc":{"start":{"line":70,"column":4},"end":{"line":75,"column":5}},"type":"if","locations":[{"start":{"line":70,"column":4},"end":{"line":75,"column":5}},{"start":{},"end":{}}]},"3":{"loc":{"start":{"line":96,"column":17},"end":{"line":96,"column":34}},"type":"binary-expr","locations":[{"start":{"line":96,"column":17},"end":{"line":96,"column":28}},{"start":{"line":96,"column":32},"end":{"line":96,"column":34}}]},"4":{"loc":{"start":{"line":120,"column":25},"end":{"line":120,"column":44}},"type":"binary-expr","locations":[{"start":{"line":120,"column":25},"end":{"line":120,"column":36}},{"start":{"line":120,"column":40},"end":{"line":120,"column":44}}]},"5":{"loc":{"start":{"line":136,"column":24},"end":{"line":136,"column":58}},"type":"binary-expr","locations":[{"start":{"line":136,"column":24},"end":{"line":136,"column":52}},{"start":{"line":136,"column":56},"end":{"line":136,"column":58}}]},"6":{"loc":{"start":{"line":137,"column":4},"end":{"line":137,"column":59}},"type":"if","locations":[{"start":{"line":137,"column":4},"end":{"line":137,"column":59}},{"start":{},"end":{}}]},"7":{"loc":{"start":{"line":143,"column":4},"end":{"line":143,"column":24}},"type":"if","locations":[{"start":{"line":143,"column":4},"end":{"line":143,"column":24}},{"start":{},"end":{}}]},"8":{"loc":{"start":{"line":160,"column":4},"end":{"line":169,"column":5}},"type":"if","locations":[{"start":{"line":160,"column":4},"end":{"line":169,"column":5}},{"start":{},"end":{}}]},"9":{"loc":{"start":{"line":178,"column":4},"end":{"line":178,"column":56}},"type":"if","locations":[{"start":{"line":178,"column":4},"end":{"line":178,"column":56}},{"start":{},"end":{}}]},"10":{"loc":{"start":{"line":179,"column":4},"end":{"line":184,"column":5}},"type":"if","locations":[{"start":{"line":179,"column":4},"end":{"line":184,"column":5}},{"start":{},"end":{}}]},"11":{"loc":{"start":{"line":187,"column":4},"end":{"line":189,"column":5}},"type":"if","locations":[{"start":{"line":187,"column":4},"end":{"line":189,"column":5}},{"start":{},"end":{}}]},"12":{"loc":{"start":{"line":212,"column":4},"end":{"line":229,"column":5}},"type":"if","locations":[{"start":{"line":212,"column":4},"end":{"line":229,"column":5}},{"start":{},"end":{}}]},"13":{"loc":{"start":{"line":254,"column":4},"end":{"line":258,"column":5}},"type":"if","locations":[{"start":{"line":254,"column":4},"end":{"line":258,"column":5}},{"start":{},"end":{}}]},"14":{"loc":{"start":{"line":259,"column":4},"end":{"line":264,"column":5}},"type":"if","locations":[{"start":{"line":259,"column":4},"end":{"line":264,"column":5}},{"start":{},"end":{}}]},"15":{"loc":{"start":{"line":265,"column":4},"end":{"line":269,"column":5}},"type":"if","locations":[{"start":{"line":265,"column":4},"end":{"line":269,"column":5}},{"start":{},"end":{}}]},"16":{"loc":{"start":{"line":270,"column":4},"end":{"line":273,"column":5}},"type":"if","locations":[{"start":{"line":270,"column":4},"end":{"line":273,"column":5}},{"start":{},"end":{}}]},"17":{"loc":{"start":{"line":278,"column":4},"end":{"line":278,"column":28}},"type":"if","locations":[{"start":{"line":278,"column":4},"end":{"line":278,"column":28}},{"start":{},"end":{}}]},"18":{"loc":{"start":{"line":279,"column":4},"end":{"line":279,"column":40}},"type":"if","locations":[{"start":{"line":279,"column":4},"end":{"line":279,"column":40}},{"start":{},"end":{}}]},"19":{"loc":{"start":{"line":288,"column":19},"end":{"line":288,"column":47}},"type":"binary-expr","locations":[{"start":{"line":288,"column":19},"end":{"line":288,"column":39}},{"start":{"line":288,"column":43},"end":{"line":288,"column":47}}]},"20":{"loc":{"start":{"line":290,"column":16},"end":{"line":290,"column":49}},"type":"binary-expr","locations":[{"start":{"line":290,"column":16},"end":{"line":290,"column":41}},{"start":{"line":290,"column":45},"end":{"line":290,"column":49}}]},"21":{"loc":{"start":{"line":291,"column":18},"end":{"line":291,"column":45}},"type":"binary-expr","locations":[{"start":{"line":291,"column":18},"end":{"line":291,"column":37}},{"start":{"line":291,"column":41},"end":{"line":291,"column":45}}]},"22":{"loc":{"start":{"line":314,"column":4},"end":{"line":314,"column":58}},"type":"if","locations":[{"start":{"line":314,"column":4},"end":{"line":314,"column":58}},{"start":{},"end":{}}]},"23":{"loc":{"start":{"line":48,"column":59},"end":{"line":48,"column":77}},"type":"cond-expr","locations":[{"start":{"line":48,"column":69},"end":{"line":48,"column":77}},{"start":{"line":48,"column":69},"end":{"line":48,"column":77}}]},"24":{"loc":{"start":{"line":48,"column":59},"end":{"line":48,"column":69}},"type":"binary-expr","locations":[{"start":{"line":48,"column":59},"end":{"line":48,"column":77}},{"start":{"line":48,"column":59},"end":{"line":48,"column":69}}]},"25":{"loc":{"start":{"line":48,"column":69},"end":{"line":49,"column":null}},"type":"cond-expr","locations":[{"start":{"line":49,"column":55},"end":{"line":49,"column":null}},{"start":{"line":49,"column":55},"end":{"line":49,"column":null}}]},"26":{"loc":{"start":{"line":48,"column":69},"end":{"line":49,"column":55}},"type":"binary-expr","locations":[{"start":{"line":48,"column":69},"end":{"line":49,"column":null}},{"start":{"line":49,"column":50},"end":{"line":49,"column":55}}]},"27":{"loc":{"start":{"line":49,"column":55},"end":{"line":50,"column":null}},"type":"cond-expr","locations":[{"start":{"line":50,"column":42},"end":{"line":50,"column":null}},{"start":{"line":50,"column":42},"end":{"line":50,"column":null}}]},"28":{"loc":{"start":{"line":49,"column":55},"end":{"line":50,"column":42}},"type":"binary-expr","locations":[{"start":{"line":49,"column":55},"end":{"line":50,"column":null}},{"start":{"line":50,"column":29},"end":{"line":50,"column":42}}]}},"s":{"0":1,"1":1,"2":1,"3":1,"4":1,"5":1,"6":1,"7":1,"8":1,"9":1,"10":1,"11":1,"12":11,"13":11,"14":11,"15":11,"16":4,"17":4,"18":1,"19":3,"20":3,"21":3,"22":3,"23":3,"24":0,"25":3,"26":3,"27":3,"28":3,"29":2,"30":2,"31":2,"32":2,"33":2,"34":2,"35":2,"36":4,"37":4,"38":1,"39":3,"40":3,"41":3,"42":1,"43":2,"44":2,"45":2,"46":2,"47":1,"48":1,"49":0,"50":1,"51":2,"52":2,"53":2,"54":0,"55":2,"56":2,"57":0,"58":0,"59":0,"60":0,"61":0,"62":0,"63":0,"64":1,"65":1,"66":1,"67":1,"68":1,"69":1,"70":0,"71":1,"72":1,"73":1,"74":6,"75":6,"76":6,"77":0,"78":6,"79":0,"80":0,"81":6,"82":1,"83":5,"84":0,"85":0,"86":5,"87":3,"88":0,"89":3,"90":0,"91":3,"92":1,"93":5,"94":0,"95":0,"96":0,"97":0,"98":0,"99":0,"100":1,"101":1},"f":{"0":11,"1":4,"2":4,"3":1,"4":2,"5":1,"6":6,"7":3,"8":1,"9":5,"10":0},"b":{"0":[1,3],"1":[3,0],"2":[0,3],"3":[3,3],"4":[2,2],"5":[4,0],"6":[1,3],"7":[1,2],"8":[0,1],"9":[0,2],"10":[2,0],"11":[0,0],"12":[1,0],"13":[0,6],"14":[0,6],"15":[1,5],"16":[0,5],"17":[0,3],"18":[0,3],"19":[1,0],"20":[1,0],"21":[1,0],"22":[0,0],"23":[1,0],"24":[1,1],"25":[1,0],"26":[1,1],"27":[1,0],"28":[1,1]}}
,"C:\\Users\\bhoyee-pc\\Desktop\\pingloyal\\apps\\api\\src\\modules\\whatsapp\\wa.events.ts": {"path":"C:\\Users\\bhoyee-pc\\Desktop\\pingloyal\\apps\\api\\src\\modules\\whatsapp\\wa.events.ts","statementMap":{"0":{"start":{"line":1,"column":0},"end":{"line":1,"column":38}},"1":{"start":{"line":5,"column":13},"end":{"line":5,"column":43}}},"fnMap":{},"branchMap":{},"s":{"0":1,"1":1},"f":{},"b":{}}
,"C:\\Users\\bhoyee-pc\\Desktop\\pingloyal\\apps\\api\\src\\modules\\whatsapp\\whatsapp.controller.ts": {"path":"C:\\Users\\bhoyee-pc\\Desktop\\pingloyal\\apps\\api\\src\\modules\\whatsapp\\whatsapp.controller.ts","statementMap":{"0":{"start":{"line":1,"column":0},"end":{"line":1,"column":33}},"1":{"start":{"line":2,"column":0},"end":{"line":2,"column":null}},"2":{"start":{"line":14,"column":0},"end":{"line":14,"column":47}},"3":{"start":{"line":15,"column":0},"end":{"line":15,"column":44}},"4":{"start":{"line":17,"column":0},"end":{"line":17,"column":66}},"5":{"start":{"line":18,"column":0},"end":{"line":18,"column":64}},"6":{"start":{"line":19,"column":0},"end":{"line":19,"column":98}},"7":{"start":{"line":20,"column":0},"end":{"line":20,"column":58}},"8":{"start":{"line":22,"column":0},"end":{"line":22,"column":62}},"9":{"start":{"line":25,"column":31},"end":{"line":102,"column":null}},"10":{"start":{"line":26,"column":28},"end":{"line":26,"column":63}},"11":{"start":{"line":29,"column":21},"end":{"line":29,"column":40}},"12":{"start":{"line":30,"column":21},"end":{"line":30,"column":29}},"13":{"start":{"line":36,"column":4},"end":{"line":36,"column":77}},"14":{"start":{"line":43,"column":4},"end":{"line":43,"column":63}},"15":{"start":{"line":49,"column":4},"end":{"line":49,"column":72}},"16":{"start":{"line":55,"column":4},"end":{"line":55,"column":64}},"17":{"start":{"line":69,"column":23},"end":{"line":70,"column":39}},"18":{"start":{"line":72,"column":4},"end":{"line":82,"column":5}},"19":{"start":{"line":73,"column":21},"end":{"line":73,"column":68}},"20":{"start":{"line":74,"column":20},"end":{"line":77,"column":null}},"21":{"start":{"line":79,"column":6},"end":{"line":81,"column":7}},"22":{"start":{"line":80,"column":8},"end":{"line":80,"column":69}},"23":{"start":{"line":84,"column":4},"end":{"line":92,"column":5}},"24":{"start":{"line":85,"column":22},"end":{"line":85,"column":30}},"25":{"start":{"line":86,"column":6},"end":{"line":86,"column":68}},"26":{"start":{"line":89,"column":6},"end":{"line":91,"column":8}},"27":{"start":{"line":94,"column":4},"end":{"line":94,"column":28}},"28":{"start":{"line":100,"column":4},"end":{"line":100,"column":77}},"29":{"start":{"line":25,"column":13},"end":{"line":25,"column":31}},"30":{"start":{"line":35,"column":2},"end":{"line":37,"column":null}},"31":{"start":{"line":42,"column":2},"end":{"line":44,"column":null}},"32":{"start":{"line":48,"column":2},"end":{"line":50,"column":null}},"33":{"start":{"line":54,"column":2},"end":{"line":56,"column":null}},"34":{"start":{"line":65,"column":8},"end":{"line":95,"column":null}},"35":{"start":{"line":25,"column":13},"end":{"line":102,"column":null}}},"fnMap":{"0":{"name":"(anonymous_13)","decl":{"start":{"line":28,"column":2},"end":{"line":28,"column":null}},"loc":{"start":{"line":30,"column":42},"end":{"line":31,"column":6}}},"1":{"name":"(anonymous_14)","decl":{"start":{"line":35,"column":2},"end":{"line":35,"column":10}},"loc":{"start":{"line":35,"column":74},"end":{"line":37,"column":3}}},"2":{"name":"(anonymous_15)","decl":{"start":{"line":42,"column":2},"end":{"line":42,"column":11}},"loc":{"start":{"line":42,"column":45},"end":{"line":44,"column":3}}},"3":{"name":"(anonymous_16)","decl":{"start":{"line":48,"column":2},"end":{"line":48,"column":8}},"loc":{"start":{"line":48,"column":42},"end":{"line":50,"column":3}}},"4":{"name":"(anonymous_17)","decl":{"start":{"line":54,"column":2},"end":{"line":54,"column":12}},"loc":{"start":{"line":54,"column":46},"end":{"line":56,"column":3}}},"5":{"name":"(anonymous_18)","decl":{"start":{"line":65,"column":8},"end":{"line":65,"column":22}},"loc":{"start":{"line":66,"column":65},"end":{"line":95,"column":3}}},"6":{"name":"(anonymous_19)","decl":{"start":{"line":99,"column":2},"end":{"line":99,"column":8}},"loc":{"start":{"line":99,"column":57},"end":{"line":101,"column":3}}}},"branchMap":{"0":{"loc":{"start":{"line":72,"column":4},"end":{"line":82,"column":5}},"type":"if","locations":[{"start":{"line":72,"column":4},"end":{"line":82,"column":5}},{"start":{},"end":{}}]},"1":{"loc":{"start":{"line":72,"column":8},"end":{"line":72,"column":32}},"type":"binary-expr","locations":[{"start":{"line":72,"column":8},"end":{"line":72,"column":17}},{"start":{"line":72,"column":21},"end":{"line":72,"column":32}}]},"2":{"loc":{"start":{"line":79,"column":6},"end":{"line":81,"column":7}},"type":"if","locations":[{"start":{"line":79,"column":6},"end":{"line":81,"column":7}},{"start":{},"end":{}}]},"3":{"loc":{"start":{"line":90,"column":34},"end":{"line":90,"column":80}},"type":"cond-expr","locations":[{"start":{"line":90,"column":57},"end":{"line":90,"column":68}},{"start":{"line":90,"column":71},"end":{"line":90,"column":80}}]},"4":{"loc":{"start":{"line":35,"column":59},"end":{"line":35,"column":null}},"type":"cond-expr","locations":[{"start":{"line":35,"column":74},"end":{"line":35,"column":null}},{"start":{"line":35,"column":74},"end":{"line":35,"column":null}}]},"5":{"loc":{"start":{"line":35,"column":59},"end":{"line":35,"column":74}},"type":"binary-expr","locations":[{"start":{"line":35,"column":59},"end":{"line":35,"column":null}},{"start":{"line":35,"column":59},"end":{"line":35,"column":74}}]},"6":{"loc":{"start":{"line":29,"column":40},"end":{"line":29,"column":null}},"type":"cond-expr","locations":[{"start":{"line":29,"column":59},"end":{"line":29,"column":null}},{"start":{"line":29,"column":59},"end":{"line":29,"column":null}}]},"7":{"loc":{"start":{"line":29,"column":40},"end":{"line":29,"column":59}},"type":"binary-expr","locations":[{"start":{"line":29,"column":40},"end":{"line":29,"column":null}},{"start":{"line":29,"column":40},"end":{"line":29,"column":59}}]},"8":{"loc":{"start":{"line":29,"column":59},"end":{"line":30,"column":null}},"type":"cond-expr","locations":[{"start":{"line":30,"column":42},"end":{"line":30,"column":null}},{"start":{"line":30,"column":42},"end":{"line":30,"column":null}}]},"9":{"loc":{"start":{"line":29,"column":59},"end":{"line":30,"column":42}},"type":"binary-expr","locations":[{"start":{"line":29,"column":59},"end":{"line":30,"column":null}},{"start":{"line":30,"column":29},"end":{"line":30,"column":42}}]}},"s":{"0":0,"1":0,"2":0,"3":0,"4":0,"5":0,"6":0,"7":0,"8":0,"9":0,"10":0,"11":0,"12":0,"13":0,"14":0,"15":0,"16":0,"17":0,"18":0,"19":0,"20":0,"21":0,"22":0,"23":0,"24":0,"25":0,"26":0,"27":0,"28":0,"29":0,"30":0,"31":0,"32":0,"33":0,"34":0,"35":0},"f":{"0":0,"1":0,"2":0,"3":0,"4":0,"5":0,"6":0},"b":{"0":[0,0],"1":[0,0],"2":[0,0],"3":[0,0],"4":[0,0],"5":[0,0],"6":[0,0],"7":[0,0],"8":[0,0],"9":[0,0]}}
,"C:\\Users\\bhoyee-pc\\Desktop\\pingloyal\\apps\\api\\src\\modules\\whatsapp\\whatsapp.module.ts": {"path":"C:\\Users\\bhoyee-pc\\Desktop\\pingloyal\\apps\\api\\src\\modules\\whatsapp\\whatsapp.module.ts","statementMap":{"0":{"start":{"line":1,"column":0},"end":{"line":1,"column":40}},"1":{"start":{"line":2,"column":0},"end":{"line":2,"column":48}},"2":{"start":{"line":3,"column":0},"end":{"line":3,"column":59}},"3":{"start":{"line":4,"column":0},"end":{"line":4,"column":43}},"4":{"start":{"line":5,"column":0},"end":{"line":5,"column":62}},"5":{"start":{"line":6,"column":0},"end":{"line":6,"column":59}},"6":{"start":{"line":14,"column":7},"end":{"line":14,"column":null}},"7":{"start":{"line":14,"column":13},"end":{"line":14,"column":27}},"8":{"start":{"line":14,"column":13},"end":{"line":14,"column":null}}},"fnMap":{},"branchMap":{},"s":{"0":0,"1":0,"2":0,"3":0,"4":0,"5":0,"6":0,"7":0,"8":0},"f":{},"b":{}}
,"C:\\Users\\bhoyee-pc\\Desktop\\pingloyal\\apps\\api\\src\\modules\\whatsapp\\dto\\wa-onboarding.dto.ts": {"path":"C:\\Users\\bhoyee-pc\\Desktop\\pingloyal\\apps\\api\\src\\modules\\whatsapp\\dto\\wa-onboarding.dto.ts","statementMap":{"0":{"start":{"line":1,"column":0},"end":{"line":1,"column":null}},"1":{"start":{"line":10,"column":0},"end":{"line":10,"column":54}},"2":{"start":{"line":12,"column":0},"end":{"line":12,"column":13}},"3":{"start":{"line":15,"column":2},"end":{"line":15,"column":null}},"4":{"start":{"line":20,"column":2},"end":{"line":20,"column":null}},"5":{"start":{"line":23,"column":2},"end":{"line":23,"column":null}},"6":{"start":{"line":28,"column":2},"end":{"line":28,"column":null}},"7":{"start":{"line":32,"column":2},"end":{"line":32,"column":null}}},"fnMap":{},"branchMap":{"0":{"loc":{"start":{"line":23,"column":12},"end":{"line":23,"column":31}},"type":"cond-expr","locations":[{"start":{"line":23,"column":30},"end":{"line":23,"column":31}},{"start":{"line":23,"column":30},"end":{"line":23,"column":31}}]},"1":{"loc":{"start":{"line":23,"column":12},"end":{"line":23,"column":30}},"type":"binary-expr","locations":[{"start":{"line":23,"column":12},"end":{"line":23,"column":31}},{"start":{"line":23,"column":12},"end":{"line":23,"column":30}}]}},"s":{"0":0,"1":0,"2":0,"3":0,"4":0,"5":0,"6":0,"7":0},"f":{},"b":{"0":[0,0],"1":[0,0]}}
,"C:\\Users\\bhoyee-pc\\Desktop\\pingloyal\\apps\\api\\src\\modules\\whatsapp\\exceptions\\wa-bsp.exception.ts": {"path":"C:\\Users\\bhoyee-pc\\Desktop\\pingloyal\\apps\\api\\src\\modules\\whatsapp\\exceptions\\wa-bsp.exception.ts","statementMap":{"0":{"start":{"line":6,"column":4},"end":{"line":6,"column":19}},"1":{"start":{"line":4,"column":20},"end":{"line":4,"column":38}},"2":{"start":{"line":7,"column":4},"end":{"line":7,"column":33}},"3":{"start":{"line":1,"column":0},"end":{"line":1,"column":13}}},"fnMap":{"0":{"name":"(anonymous_0)","decl":{"start":{"line":2,"column":2},"end":{"line":2,"column":null}},"loc":{"start":{"line":4,"column":38},"end":{"line":8,"column":3}}}},"branchMap":{},"s":{"0":4,"1":4,"2":4,"3":1},"f":{"0":4},"b":{}}
}
