TN:
SF:src\app.controller.ts
FN:6,(anonymous_2)
FN:9,(anonymous_3)
FNF:2
FNH:2
FNDA:1,(anonymous_2)
FNDA:1,(anonymous_3)
DA:1,1
DA:2,1
DA:5,1
DA:6,1
DA:9,1
DA:10,1
LF:6
LH:6
BRDA:6,0,0,1
BRDA:6,0,1,0
BRDA:6,1,0,1
BRDA:6,1,1,1
BRF:4
BRH:3
end_of_record
TN:
SF:src\app.module.ts
FN:64,(anonymous_1)
FNF:1
FNH:0
FNDA:0,(anonymous_1)
DA:1,0
DA:7,0
DA:8,0
DA:9,0
DA:10,0
DA:11,0
DA:12,0
DA:13,0
DA:14,0
DA:15,0
DA:16,0
DA:17,0
DA:18,0
DA:19,0
DA:20,0
DA:21,0
DA:22,0
DA:23,0
DA:24,0
DA:25,0
DA:26,0
DA:27,0
DA:63,0
DA:65,0
LF:24
LH:0
BRDA:39,0,0,0
BRDA:39,0,1,0
BRDA:40,1,0,0
BRDA:40,1,1,0
BRF:4
BRH:0
end_of_record
TN:
SF:src\app.service.ts
FN:5,(anonymous_1)
FNF:1
FNH:1
FNDA:1,(anonymous_1)
DA:1,1
DA:4,1
DA:6,1
LF:3
LH:3
BRF:0
BRH:0
end_of_record
TN:
SF:src\main.ts
FN:18,bootstrap
FNF:1
FNH:0
FNDA:0,bootstrap
DA:1,0
DA:2,0
DA:5,0
DA:6,0
DA:8,0
DA:9,0
DA:10,0
DA:11,0
DA:12,0
DA:13,0
DA:14,0
DA:15,0
DA:16,0
DA:19,0
DA:20,0
DA:22,0
DA:23,0
DA:28,0
DA:34,0
DA:37,0
DA:40,0
DA:46,0
DA:49,0
DA:59,0
DA:60,0
DA:65,0
DA:66,0
DA:69,0
DA:70,0
DA:72,0
DA:77,0
LF:31
LH:0
BRDA:19,0,0,0
BRDA:19,0,1,0
BRDA:20,1,0,0
BRDA:20,1,1,0
BRDA:22,2,0,0
BRDA:22,2,1,0
BRDA:41,3,0,0
BRDA:41,3,1,0
BRDA:59,4,0,0
BRDA:59,4,1,0
BRDA:69,5,0,0
BRDA:69,5,1,0
BRF:12
BRH:0
end_of_record
TN:
SF:src\auth\auth.module.ts
FN:3,(anonymous_0)
FNF:1
FNH:0
FNDA:0,(anonymous_0)
DA:3,0
LF:1
LH:0
BRF:0
BRH:0
end_of_record
TN:
SF:src\auth\strategies\jwt.strategy.ts
FN:3,(anonymous_0)
FNF:1
FNH:0
FNDA:0,(anonymous_0)
DA:3,0
LF:1
LH:0
BRF:0
BRH:0
end_of_record
TN:
SF:src\common\decorators\current-tenant.decorator.ts
FN:9,(anonymous_0)
FNF:1
FNH:0
FNDA:0,(anonymous_0)
DA:1,0
DA:8,0
DA:10,0
DA:11,0
DA:12,0
DA:14,0
DA:18,0
LF:7
LH:0
BRDA:12,0,0,0
BRDA:12,0,1,0
BRF:2
BRH:0
end_of_record
TN:
SF:src\common\decorators\current-user.decorator.ts
FN:5,(anonymous_0)
FNF:1
FNH:0
FNDA:0,(anonymous_0)
DA:1,0
DA:4,0
DA:6,0
DA:7,0
LF:4
LH:0
BRF:0
BRH:0
end_of_record
TN:
SF:src\common\decorators\public.decorator.ts
FN:4,(anonymous_0)
FNF:1
FNH:0
FNDA:0,(anonymous_0)
DA:1,0
DA:3,0
DA:4,0
LF:3
LH:0
BRF:0
BRH:0
end_of_record
TN:
SF:src\common\decorators\roles.decorator.ts
FN:5,(anonymous_0)
FNF:1
FNH:0
FNDA:0,(anonymous_0)
DA:1,0
DA:4,0
DA:5,0
LF:3
LH:0
BRF:0
BRH:0
end_of_record
TN:
SF:src\common\decorators\skip-subscription-check.decorator.ts
FN:4,(anonymous_0)
FNF:1
FNH:0
FNDA:0,(anonymous_0)
DA:1,0
DA:3,0
DA:4,0
DA:5,0
LF:4
LH:0
BRF:0
BRH:0
end_of_record
TN:
SF:src\common\filters\global-exception.filter.ts
FN:16,(anonymous_13)
FN:21,(anonymous_14)
FNF:2
FNH:0
FNDA:0,(anonymous_13)
FNDA:0,(anonymous_14)
DA:1,0
DA:10,0
DA:12,0
DA:15,0
DA:18,0
DA:22,0
DA:23,0
DA:24,0
DA:25,0
DA:32,0
DA:33,0
DA:34,0
DA:35,0
DA:39,0
DA:40,0
DA:42,0
DA:44,0
DA:45,0
DA:48,0
DA:52,0
DA:53,0
DA:56,0
DA:57,0
DA:59,0
DA:67,0
DA:68,0
DA:71,0
DA:81,0
DA:82,0
DA:85,0
LF:30
LH:0
BRDA:32,0,0,0
BRDA:32,0,1,0
BRDA:36,1,0,0
BRDA:36,1,1,0
BRDA:38,2,0,0
BRDA:38,2,1,0
BRDA:44,3,0,0
BRDA:44,3,1,0
BRDA:45,4,0,0
BRDA:45,4,1,0
BRDA:47,5,0,0
BRDA:47,5,1,0
BRDA:52,6,0,0
BRDA:52,6,1,0
BRDA:56,7,0,0
BRDA:56,7,1,0
BRDA:64,8,0,0
BRDA:64,8,1,0
BRDA:67,9,0,0
BRDA:67,9,1,0
BRDA:81,10,0,0
BRDA:81,10,1,0
BRDA:81,11,0,0
BRDA:81,11,1,0
BRF:24
BRH:0
end_of_record
TN:
SF:src\common\guards\jwt-auth.guard.ts
FN:13,(anonymous_2)
FN:17,(anonymous_3)
FN:28,(anonymous_4)
FNF:3
FNH:0
FNDA:0,(anonymous_2)
FNDA:0,(anonymous_3)
FNDA:0,(anonymous_4)
DA:1,0
DA:6,0
DA:7,0
DA:9,0
DA:12,0
DA:13,0
DA:14,0
DA:20,0
DA:24,0
DA:25,0
DA:32,0
DA:33,0
DA:35,0
LF:13
LH:0
BRDA:24,0,0,0
BRDA:24,0,1,0
BRDA:32,1,0,0
BRDA:32,1,1,0
BRDA:32,2,0,0
BRDA:32,2,1,0
BRDA:13,3,0,0
BRDA:13,3,1,0
BRDA:13,4,0,0
BRDA:13,4,1,0
BRF:10
BRH:0
end_of_record
TN:
SF:src\common\guards\roles.guard.ts
FN:14,(anonymous_2)
FN:16,(anonymous_3)
FNF:2
FNH:0
FNDA:0,(anonymous_2)
FNDA:0,(anonymous_3)
DA:1,0
DA:7,0
DA:10,0
DA:13,0
DA:14,0
DA:17,0
DA:22,0
DA:24,0
DA:25,0
DA:27,0
DA:28,0
DA:30,0
LF:12
LH:0
BRDA:22,0,0,0
BRDA:22,0,1,0
BRDA:22,1,0,0
BRDA:22,1,1,0
BRDA:27,2,0,0
BRDA:27,2,1,0
BRDA:27,3,0,0
BRDA:27,3,1,0
BRDA:14,4,0,0
BRDA:14,4,1,0
BRDA:14,5,0,0
BRDA:14,5,1,0
BRF:12
BRH:0
end_of_record
TN:
SF:src\common\guards\subscription.guard.ts
FN:32,(anonymous_5)
FN:38,(anonymous_6)
FN:56,(anonymous_7)
FN:67,(anonymous_8)
FN:88,(anonymous_9)
FNF:5
FNH:0
FNDA:0,(anonymous_5)
FNDA:0,(anonymous_6)
FNDA:0,(anonymous_7)
FNDA:0,(anonymous_8)
FNDA:0,(anonymous_9)
DA:1,0
DA:9,0
DA:10,0
DA:11,0
DA:13,0
DA:14,0
DA:15,0
DA:16,0
DA:23,0
DA:31,0
DA:33,0
DA:34,0
DA:35,0
DA:40,0
DA:44,0
DA:47,0
DA:51,0
DA:53,0
DA:56,0
DA:57,0
DA:60,0
DA:61,0
DA:63,0
DA:64,0
DA:70,0
DA:71,0
DA:72,0
DA:73,0
DA:76,0
DA:80,0
DA:84,0
DA:85,0
DA:89,0
DA:90,0
DA:94,0
DA:96,0
DA:97,0
DA:98,0
DA:99,0
DA:105,0
DA:108,0
DA:109,0
DA:115,0
DA:121,0
LF:44
LH:0
BRDA:44,0,0,0
BRDA:44,0,1,0
BRDA:51,1,0,0
BRDA:51,1,1,0
BRDA:56,2,0,0
BRDA:56,2,1,0
BRDA:61,3,0,0
BRDA:61,3,1,0
BRDA:72,4,0,0
BRDA:72,4,1,0
BRDA:80,5,0,0
BRDA:80,5,1,0
BRDA:94,6,0,0
BRDA:94,6,1,0
BRDA:94,6,2,0
BRDA:94,6,3,0
BRDA:94,6,4,0
BRDA:96,7,0,0
BRDA:96,7,1,0
BRDA:98,8,0,0
BRDA:98,8,1,0
BRDA:108,9,0,0
BRDA:108,9,1,0
BRDA:33,10,0,0
BRDA:33,10,1,0
BRDA:33,11,0,0
BRDA:33,11,1,0
BRDA:33,12,0,0
BRDA:33,12,1,0
BRDA:33,13,0,0
BRDA:33,13,1,0
BRDA:34,14,0,0
BRDA:34,14,1,0
BRDA:34,15,0,0
BRDA:34,15,1,0
BRF:35
BRH:0
end_of_record
TN:
SF:src\common\interceptors\logging.interceptor.ts
FN:15,maskPhones
FN:16,(anonymous_5)
FN:24,(anonymous_6)
FN:29,(anonymous_7)
FN:36,(anonymous_8)
FN:46,(anonymous_9)
FNF:6
FNH:0
FNDA:0,maskPhones
FNDA:0,(anonymous_5)
FNDA:0,(anonymous_6)
FNDA:0,(anonymous_7)
FNDA:0,(anonymous_8)
FNDA:0,(anonymous_9)
DA:1,0
DA:9,0
DA:11,0
DA:16,0
DA:17,0
DA:18,0
DA:23,0
DA:26,0
DA:30,0
DA:31,0
DA:32,0
DA:33,0
DA:35,0
DA:37,0
DA:38,0
DA:39,0
DA:47,0
DA:48,0
DA:49,0
DA:55,0
LF:20
LH:0
BRDA:17,0,0,0
BRDA:17,0,1,0
BRDA:32,1,0,0
BRDA:32,1,1,0
BRDA:48,2,0,0
BRDA:48,2,1,0
BRF:6
BRH:0
end_of_record
TN:
SF:src\common\interceptors\tenant-scope.interceptor.ts
FN:15,(anonymous_2)
FN:17,(anonymous_3)
FNF:2
FNH:0
FNDA:0,(anonymous_2)
FNDA:0,(anonymous_3)
DA:1,0
DA:8,0
DA:11,0
DA:14,0
DA:15,0
DA:18,0
DA:22,0
DA:24,0
DA:25,0
DA:26,0
DA:27,0
DA:29,0
DA:30,0
LF:13
LH:0
BRDA:22,0,0,0
BRDA:22,0,1,0
BRDA:26,1,0,0
BRDA:26,1,1,0
BRDA:15,2,0,0
BRDA:15,2,1,0
BRDA:15,3,0,0
BRDA:15,3,1,0
BRF:8
BRH:0
end_of_record
TN:
SF:src\common\logger\winston.config.ts
FN:6,createWinstonConfig
FN:41,(anonymous_10)
FNF:2
FNH:0
FNDA:0,createWinstonConfig
FNDA:0,(anonymous_10)
DA:1,0
DA:2,0
DA:3,0
DA:6,0
DA:10,0
DA:11,0
DA:12,0
DA:14,0
DA:34,0
DA:42,0
DA:43,0
DA:44,0
LF:12
LH:0
BRDA:10,0,0,0
BRDA:10,0,1,0
BRDA:42,1,0,0
BRDA:42,1,1,0
BRDA:43,2,0,0
BRDA:43,2,1,0
BRF:6
BRH:0
end_of_record
TN:
SF:src\common\middleware\request-id.middleware.ts
FN:6,(anonymous_1)
FNF:1
FNH:0
FNDA:0,(anonymous_1)
DA:1,0
DA:5,0
DA:8,0
DA:9,0
DA:10,0
DA:11,0
LF:6
LH:0
BRDA:8,0,0,0
BRDA:8,0,1,0
BRF:2
BRH:0
end_of_record
TN:
SF:src\common\redis\redis.constants.ts
FNF:0
FNH:0
DA:1,3
LF:1
LH:1
BRF:0
BRH:0
end_of_record
TN:
SF:src\common\redis\redis.module.ts
FNF:0
FNH:0
DA:1,0
DA:2,0
DA:3,0
DA:10,0
LF:4
LH:0
BRF:0
BRH:0
end_of_record
TN:
SF:src\common\redis\redis.provider.ts
FN:9,(anonymous_1)
FN:14,(anonymous_2)
FNF:2
FNH:0
FNDA:0,(anonymous_1)
FNDA:0,(anonymous_2)
DA:2,0
DA:3,0
DA:4,0
DA:6,0
DA:10,0
DA:14,0
DA:15,0
DA:17,0
LF:8
LH:0
BRF:0
BRH:0
end_of_record
TN:
SF:src\common\types\express.d.ts
FNF:0
FNH:0
LF:0
LH:0
BRF:0
BRH:0
end_of_record
TN:
SF:src\config\env.validation.ts
FNF:0
FNH:0
DA:1,0
DA:3,0
LF:2
LH:0
BRF:0
BRH:0
end_of_record
TN:
SF:src\database\data-source.ts
FNF:0
FNH:0
DA:1,0
DA:2,0
DA:3,0
DA:4,0
DA:8,0
DA:9,0
DA:11,0
DA:12,0
DA:18,0
LF:9
LH:0
BRDA:11,0,0,0
BRDA:11,0,1,0
BRF:2
BRH:0
end_of_record
TN:
SF:src\database\database.module.ts
FN:46,(anonymous_1)
FNF:1
FNH:0
FNDA:0,(anonymous_1)
DA:1,0
DA:2,0
DA:3,0
DA:4,0
DA:5,0
DA:23,0
DA:46,0
DA:62,0
LF:8
LH:0
BRF:0
BRH:0
end_of_record
TN:
SF:src\database\run-migrations.ts
FN:13,(anonymous_0)
FN:26,(anonymous_1)
FN:30,(anonymous_2)
FNF:3
FNH:0
FNDA:0,(anonymous_0)
FNDA:0,(anonymous_1)
FNDA:0,(anonymous_2)
DA:9,0
DA:10,0
DA:12,0
DA:14,0
DA:15,0
DA:16,0
DA:17,0
DA:20,0
DA:21,0
DA:23,0
DA:24,0
DA:25,0
DA:26,0
DA:27,0
DA:28,0
DA:31,0
DA:32,0
LF:17
LH:0
BRDA:16,0,0,0
BRDA:16,0,1,0
BRF:2
BRH:0
end_of_record
TN:
SF:src\database\entities\index.ts
FN:3,(anonymous_0)
FN:4,(anonymous_1)
FN:5,(anonymous_2)
FN:6,(anonymous_3)
FN:7,(anonymous_4)
FN:8,(anonymous_5)
FN:9,(anonymous_6)
FN:10,(anonymous_7)
FN:11,(anonymous_8)
FN:12,(anonymous_9)
FN:13,(anonymous_10)
FN:14,(anonymous_11)
FN:15,(anonymous_12)
FN:16,(anonymous_13)
FN:17,(anonymous_14)
FNF:15
FNH:0
FNDA:0,(anonymous_0)
FNDA:0,(anonymous_1)
FNDA:0,(anonymous_2)
FNDA:0,(anonymous_3)
FNDA:0,(anonymous_4)
FNDA:0,(anonymous_5)
FNDA:0,(anonymous_6)
FNDA:0,(anonymous_7)
FNDA:0,(anonymous_8)
FNDA:0,(anonymous_9)
FNDA:0,(anonymous_10)
FNDA:0,(anonymous_11)
FNDA:0,(anonymous_12)
FNDA:0,(anonymous_13)
FNDA:0,(anonymous_14)
DA:3,0
DA:4,0
DA:5,0
DA:6,0
DA:7,0
DA:8,0
DA:9,0
DA:10,0
DA:11,0
DA:12,0
DA:13,0
DA:14,0
DA:15,0
DA:16,0
DA:17,0
LF:15
LH:0
BRF:0
BRH:0
end_of_record
TN:
SF:src\database\migrations\1700000000001-CreateTenants.ts
FN:6,(anonymous_0)
FN:55,(anonymous_1)
FNF:2
FNH:0
FNDA:0,(anonymous_0)
FNDA:0,(anonymous_1)
DA:3,0
DA:4,0
DA:7,0
DA:56,0
LF:4
LH:0
BRF:0
BRH:0
end_of_record
TN:
SF:src\database\migrations\1700000000002-CreateTierConfigs.ts
FN:6,(anonymous_0)
FN:28,(anonymous_1)
FNF:2
FNH:0
FNDA:0,(anonymous_0)
FNDA:0,(anonymous_1)
DA:3,0
DA:4,0
DA:7,0
DA:23,0
DA:29,0
DA:30,0
LF:6
LH:0
BRF:0
BRH:0
end_of_record
TN:
SF:src\database\migrations\1700000000003-CreateUsers.ts
FN:6,(anonymous_0)
FN:33,(anonymous_1)
FNF:2
FNH:0
FNDA:0,(anonymous_0)
FNDA:0,(anonymous_1)
DA:3,0
DA:4,0
DA:7,0
DA:25,0
DA:28,0
DA:34,0
DA:35,0
DA:36,0
LF:8
LH:0
BRF:0
BRH:0
end_of_record
TN:
SF:src\database\migrations\1700000000004-CreateCustomers.ts
FN:6,(anonymous_0)
FN:56,(anonymous_1)
FNF:2
FNH:0
FNDA:0,(anonymous_0)
FNDA:0,(anonymous_1)
DA:3,0
DA:4,0
DA:7,0
DA:39,0
DA:42,0
DA:45,0
DA:48,0
DA:51,0
DA:57,0
DA:58,0
DA:61,0
DA:62,0
DA:63,0
DA:64,0
LF:14
LH:0
BRF:0
BRH:0
end_of_record
TN:
SF:src\database\migrations\1700000000005-CreateProductCategories.ts
FN:6,(anonymous_0)
FN:26,(anonymous_1)
FNF:2
FNH:0
FNDA:0,(anonymous_0)
FNDA:0,(anonymous_1)
DA:3,0
DA:4,0
DA:7,0
DA:21,0
DA:27,0
DA:30,0
LF:6
LH:0
BRF:0
BRH:0
end_of_record
TN:
SF:src\database\migrations\1700000000006-CreateTransactions.ts
FN:6,(anonymous_0)
FN:48,(anonymous_1)
FNF:2
FNH:0
FNDA:0,(anonymous_0)
FNDA:0,(anonymous_1)
DA:3,0
DA:4,0
DA:7,0
DA:34,0
DA:37,0
DA:40,0
DA:43,0
DA:49,0
DA:52,0
DA:55,0
DA:58,0
DA:59,0
LF:12
LH:0
BRF:0
BRH:0
end_of_record
TN:
SF:src\database\migrations\1700000000007-CreatePointsLedger.ts
FN:6,(anonymous_0)
FN:33,(anonymous_1)
FNF:2
FNH:0
FNDA:0,(anonymous_0)
FNDA:0,(anonymous_1)
DA:3,0
DA:4,0
DA:7,0
DA:27,0
DA:34,0
DA:37,0
LF:6
LH:0
BRF:0
BRH:0
end_of_record
TN:
SF:src\database\migrations\1700000000008-CreateCampaigns.ts
FN:6,(anonymous_0)
FN:43,(anonymous_1)
FNF:2
FNH:0
FNDA:0,(anonymous_0)
FNDA:0,(anonymous_1)
DA:3,0
DA:4,0
DA:7,0
DA:31,0
DA:34,0
DA:37,0
DA:44,0
DA:45,0
DA:46,0
DA:47,0
LF:10
LH:0
BRF:0
BRH:0
end_of_record
TN:
SF:src\database\migrations\1700000000009-CreateCampaignLogs.ts
FN:6,(anonymous_0)
FN:40,(anonymous_1)
FNF:2
FNH:0
FNDA:0,(anonymous_0)
FNDA:0,(anonymous_1)
DA:3,0
DA:4,0
DA:7,0
DA:29,0
DA:32,0
DA:35,0
DA:41,0
DA:44,0
DA:47,0
DA:50,0
LF:10
LH:0
BRF:0
BRH:0
end_of_record
TN:
SF:src\database\migrations\1700000000010-CreateTriggerLogs.ts
FN:6,(anonymous_0)
FN:30,(anonymous_1)
FNF:2
FNH:0
FNDA:0,(anonymous_0)
FNDA:0,(anonymous_1)
DA:3,0
DA:4,0
DA:7,0
DA:24,0
DA:31,0
DA:34,0
LF:6
LH:0
BRF:0
BRH:0
end_of_record
TN:
SF:src\database\migrations\1700000000011-CreateIntegrations.ts
FN:6,(anonymous_0)
FN:31,(anonymous_1)
FNF:2
FNH:0
FNDA:0,(anonymous_0)
FNDA:0,(anonymous_1)
DA:3,0
DA:4,0
DA:7,0
DA:32,0
LF:4
LH:0
BRF:0
BRH:0
end_of_record
TN:
SF:src\database\migrations\1700000000012-CreateSubscriptions.ts
FN:6,(anonymous_0)
FN:39,(anonymous_1)
FNF:2
FNH:0
FNDA:0,(anonymous_0)
FNDA:0,(anonymous_1)
DA:3,0
DA:4,0
DA:7,0
DA:40,0
LF:4
LH:0
BRF:0
BRH:0
end_of_record
TN:
SF:src\database\migrations\1700000000013-CreateWalletTransactions.ts
FN:6,(anonymous_0)
FN:33,(anonymous_1)
FNF:2
FNH:0
FNDA:0,(anonymous_0)
FNDA:0,(anonymous_1)
DA:3,0
DA:4,0
DA:7,0
DA:23,0
DA:27,0
DA:34,0
DA:37,0
DA:40,0
LF:8
LH:0
BRF:0
BRH:0
end_of_record
TN:
SF:src\database\migrations\1700000000014-CreateReportSnapshots.ts
FN:6,(anonymous_0)
FN:29,(anonymous_1)
FNF:2
FNH:0
FNDA:0,(anonymous_0)
FNDA:0,(anonymous_1)
DA:3,0
DA:4,0
DA:7,0
DA:23,0
DA:30,0
DA:33,0
LF:6
LH:0
BRF:0
BRH:0
end_of_record
TN:
SF:src\database\migrations\1700000000015-CreateReportSchedules.ts
FN:6,(anonymous_0)
FN:24,(anonymous_1)
FNF:2
FNH:0
FNDA:0,(anonymous_0)
FNDA:0,(anonymous_1)
DA:3,0
DA:4,0
DA:7,0
DA:25,0
LF:4
LH:0
BRF:0
BRH:0
end_of_record
TN:
SF:src\health\health.controller.ts
FN:23,(anonymous_5)
FN:33,(anonymous_6)
FN:41,(anonymous_7)
FN:54,(anonymous_8)
FN:63,(anonymous_9)
FNF:5
FNH:0
FNDA:0,(anonymous_5)
FNDA:0,(anonymous_6)
FNDA:0,(anonymous_7)
FNDA:0,(anonymous_8)
FNDA:0,(anonymous_9)
DA:1,0
DA:2,0
DA:3,0
DA:4,0
DA:5,0
DA:6,0
DA:7,0
DA:8,0
DA:22,0
DA:24,0
DA:25,0
DA:33,0
DA:34,0
DA:39,0
DA:40,0
DA:41,0
DA:46,0
DA:55,0
DA:56,0
DA:57,0
DA:59,0
DA:64,0
DA:65,0
DA:66,0
DA:68,0
LF:25
LH:0
BRDA:40,0,0,0
BRDA:40,0,1,0
BRDA:49,1,0,0
BRDA:49,1,1,0
BRDA:66,2,0,0
BRDA:66,2,1,0
BRDA:33,3,0,0
BRDA:33,3,1,0
BRDA:33,4,0,0
BRDA:33,4,1,0
BRDA:24,5,0,0
BRDA:24,5,1,0
BRDA:24,6,0,0
BRDA:24,6,1,0
BRDA:24,7,0,0
BRDA:24,7,1,0
BRDA:24,8,0,0
BRDA:24,8,1,0
BRF:18
BRH:0
end_of_record
TN:
SF:src\health\health.module.ts
FNF:0
FNH:0
DA:1,0
DA:2,0
DA:3,0
DA:9,0
LF:4
LH:0
BRF:0
BRH:0
end_of_record
TN:
SF:src\modules\auth\auth.controller.ts
FN:25,(anonymous_4)
FN:31,(anonymous_5)
FN:41,(anonymous_6)
FN:49,(anonymous_7)
FN:56,(anonymous_8)
FNF:5
FNH:0
FNDA:0,(anonymous_4)
FNDA:0,(anonymous_5)
FNDA:0,(anonymous_6)
FNDA:0,(anonymous_7)
FNDA:0,(anonymous_8)
DA:1,0
DA:9,0
DA:10,0
DA:11,0
DA:12,0
DA:13,0
DA:14,0
DA:16,0
DA:17,0
DA:18,0
DA:19,0
DA:24,0
DA:25,0
DA:31,0
DA:32,0
DA:41,0
DA:42,0
DA:49,0
DA:50,0
DA:56,0
DA:57,0
LF:21
LH:0
BRDA:31,0,0,0
BRDA:31,0,1,0
BRDA:31,1,0,0
BRDA:31,1,1,0
BRDA:41,2,0,0
BRDA:41,2,1,0
BRDA:41,3,0,0
BRDA:41,3,1,0
BRDA:49,4,0,0
BRDA:49,4,1,0
BRDA:49,5,0,0
BRDA:49,5,1,0
BRDA:25,6,0,0
BRDA:25,6,1,0
BRDA:25,7,0,0
BRDA:25,7,1,0
BRF:16
BRH:0
end_of_record
TN:
SF:src\modules\auth\auth.module.ts
FN:20,(anonymous_1)
FNF:1
FNH:0
FNDA:0,(anonymous_1)
DA:1,0
DA:2,0
DA:3,0
DA:4,0
DA:5,0
DA:6,0
DA:7,0
DA:8,0
DA:9,0
DA:10,0
DA:11,0
DA:12,0
DA:20,0
DA:35,0
LF:14
LH:0
BRF:0
BRH:0
end_of_record
TN:
SF:src\modules\auth\auth.service.ts
FN:55,(anonymous_14)
FN:66,(anonymous_15)
FN:70,(anonymous_16)
FN:100,(anonymous_17)
FN:151,(anonymous_18)
FN:199,(anonymous_19)
FN:248,(anonymous_20)
FN:255,(anonymous_21)
FN:295,(anonymous_22)
FN:314,(anonymous_23)
FNF:10
FNH:0
FNDA:0,(anonymous_14)
FNDA:0,(anonymous_15)
FNDA:0,(anonymous_16)
FNDA:0,(anonymous_17)
FNDA:0,(anonymous_18)
FNDA:0,(anonymous_19)
FNDA:0,(anonymous_20)
FNDA:0,(anonymous_21)
FNDA:0,(anonymous_22)
FNDA:0,(anonymous_23)
DA:1,0
DA:2,0
DA:3,0
DA:4,0
DA:5,0
DA:6,0
DA:7,0
DA:8,0
DA:9,0
DA:17,0
DA:18,0
DA:19,0
DA:20,0
DA:21,0
DA:22,0
DA:25,0
DA:36,0
DA:54,0
DA:56,0
DA:57,0
DA:58,0
DA:59,0
DA:60,0
DA:61,0
DA:67,0
DA:68,0
DA:70,0
DA:72,0
DA:73,0
DA:85,0
DA:88,0
DA:89,0
DA:97,0
DA:100,0
DA:101,0
DA:108,0
DA:111,0
DA:126,0
DA:129,0
DA:131,0
DA:154,0
DA:159,0
DA:160,0
DA:163,0
DA:164,0
DA:167,0
DA:171,0
DA:172,0
DA:176,0
DA:178,0
DA:180,0
DA:201,0
DA:202,0
DA:207,0
DA:212,0
DA:215,0
DA:216,0
DA:217,0
DA:218,0
DA:221,0
DA:226,0
DA:228,0
DA:229,0
DA:233,0
DA:235,0
DA:239,0
DA:240,0
DA:243,0
DA:249,0
DA:250,0
DA:256,0
DA:263,0
DA:268,0
DA:274,0
DA:286,0
DA:287,0
DA:290,0
DA:292,0
DA:299,0
DA:307,0
DA:308,0
DA:310,0
DA:311,0
DA:315,0
DA:322,0
DA:323,0
DA:324,0
LF:87
LH:0
BRDA:76,0,0,0
BRDA:76,0,1,0
BRDA:77,1,0,0
BRDA:77,1,1,0
BRDA:116,2,0,0
BRDA:116,2,1,0
BRDA:159,3,0,0
BRDA:159,3,1,0
BRDA:163,4,0,0
BRDA:163,4,1,0
BRDA:171,5,0,0
BRDA:171,5,1,0
BRDA:217,6,0,0
BRDA:217,6,1,0
BRDA:226,7,0,0
BRDA:226,7,1,0
BRDA:239,8,0,0
BRDA:239,8,1,0
BRDA:239,9,0,0
BRDA:239,9,1,0
BRDA:308,10,0,0
BRDA:308,10,1,0
BRDA:323,11,0,0
BRDA:323,11,1,0
BRDA:56,12,0,0
BRDA:56,12,1,0
BRDA:56,13,0,0
BRDA:56,13,1,0
BRDA:56,14,0,0
BRDA:56,14,1,0
BRDA:56,15,0,0
BRDA:56,15,1,0
BRDA:57,16,0,0
BRDA:57,16,1,0
BRDA:57,17,0,0
BRDA:57,17,1,0
BRDA:58,18,0,0
BRDA:58,18,1,0
BRDA:58,19,0,0
BRDA:58,19,1,0
BRDA:59,20,0,0
BRDA:59,20,1,0
BRDA:59,21,0,0
BRDA:59,21,1,0
BRDA:60,22,0,0
BRDA:60,22,1,0
BRDA:60,23,0,0
BRDA:60,23,1,0
BRF:48
BRH:0
end_of_record
TN:
SF:src\modules\auth\dto\login.dto.ts
FNF:0
FNH:0
DA:1,0
DA:2,0
DA:4,0
DA:7,0
DA:11,0
LF:5
LH:0
BRF:0
BRH:0
end_of_record
TN:
SF:src\modules\auth\dto\refresh.dto.ts
FNF:0
FNH:0
DA:1,0
DA:2,0
DA:4,0
DA:7,0
LF:4
LH:0
BRF:0
BRH:0
end_of_record
TN:
SF:src\modules\auth\dto\register.dto.ts
FN:10,(anonymous_2)
FNF:1
FNH:0
FNDA:0,(anonymous_2)
DA:1,0
DA:2,0
DA:10,0
DA:11,0
DA:12,0
DA:15,0
DA:20,0
DA:26,0
DA:30,0
DA:35,0
DA:39,0
LF:11
LH:0
BRDA:10,0,0,0
BRDA:10,0,1,0
BRF:2
BRH:0
end_of_record
TN:
SF:src\modules\auth\entities\user.entity.ts
FN:24,(anonymous_2)
FNF:1
FNH:0
FNDA:0,(anonymous_2)
DA:1,0
DA:2,0
DA:12,0
DA:13,0
DA:16,0
DA:18,0
DA:22,0
DA:24,0
DA:26,0
DA:29,0
DA:33,0
DA:36,0
DA:39,0
DA:42,0
DA:45,0
DA:48,0
DA:51,0
LF:17
LH:0
BRDA:26,0,0,0
BRDA:26,0,1,0
BRDA:26,1,0,0
BRDA:26,1,1,0
BRDA:39,2,0,0
BRDA:39,2,1,0
BRDA:39,3,0,0
BRDA:39,3,1,0
BRDA:48,4,0,0
BRDA:48,4,1,0
BRDA:48,5,0,0
BRDA:48,5,1,0
BRDA:51,6,0,0
BRDA:51,6,1,0
BRDA:51,7,0,0
BRDA:51,7,1,0
BRF:16
BRH:0
end_of_record
TN:
SF:src\modules\auth\strategies\jwt.strategy.ts
FN:19,(anonymous_4)
FN:36,(anonymous_5)
FNF:2
FNH:0
FNDA:0,(anonymous_4)
FNDA:0,(anonymous_5)
DA:8,0
DA:9,0
DA:10,0
DA:11,0
DA:12,0
DA:13,0
DA:15,0
DA:18,0
DA:21,0
DA:23,0
DA:28,0
DA:37,0
DA:42,0
DA:43,0
DA:46,0
LF:15
LH:0
BRDA:42,0,0,0
BRDA:42,0,1,0
BRDA:42,1,0,0
BRDA:42,1,1,0
BRDA:20,2,0,0
BRDA:20,2,1,0
BRDA:20,3,0,0
BRDA:20,3,1,0
BRDA:20,4,0,0
BRDA:20,4,1,0
BRDA:20,5,0,0
BRDA:20,5,1,0
BRF:12
BRH:0
end_of_record
TN:
SF:src\modules\billing\entities\subscription.entity.ts
FN:23,(anonymous_2)
FNF:1
FNH:0
FNDA:0,(anonymous_2)
DA:1,0
DA:11,0
DA:12,0
DA:15,0
DA:17,0
DA:21,0
DA:23,0
DA:25,0
DA:28,0
DA:31,0
DA:34,0
DA:37,0
DA:41,0
DA:44,0
DA:47,0
DA:50,0
DA:53,0
DA:56,0
DA:59,0
DA:62,0
DA:65,0
DA:72,0
DA:75,0
DA:78,0
DA:81,0
LF:25
LH:0
BRDA:25,0,0,0
BRDA:25,0,1,0
BRDA:25,1,0,0
BRDA:25,1,1,0
BRDA:28,2,0,0
BRDA:28,2,1,0
BRDA:28,3,0,0
BRDA:28,3,1,0
BRDA:72,4,0,0
BRDA:72,4,1,0
BRDA:72,5,0,0
BRDA:72,5,1,0
BRDA:78,6,0,0
BRDA:78,6,1,0
BRDA:78,7,0,0
BRDA:78,7,1,0
BRDA:81,8,0,0
BRDA:81,8,1,0
BRDA:81,9,0,0
BRDA:81,9,1,0
BRF:20
BRH:0
end_of_record
TN:
SF:src\modules\billing\entities\wallet-transaction.entity.ts
FN:23,(anonymous_2)
FNF:1
FNH:0
FNDA:0,(anonymous_2)
DA:1,0
DA:10,0
DA:11,0
DA:15,0
DA:17,0
DA:21,0
DA:23,0
DA:25,0
DA:28,0
DA:32,0
DA:35,0
DA:38,0
DA:41,0
DA:44,0
DA:47,0
LF:15
LH:0
BRDA:25,0,0,0
BRDA:25,0,1,0
BRDA:25,1,0,0
BRDA:25,1,1,0
BRDA:28,2,0,0
BRDA:28,2,1,0
BRDA:28,3,0,0
BRDA:28,3,1,0
BRDA:47,4,0,0
BRDA:47,4,1,0
BRDA:47,5,0,0
BRDA:47,5,1,0
BRF:12
BRH:0
end_of_record
TN:
SF:src\modules\campaigns\entities\campaign-log.entity.ts
FN:25,(anonymous_2)
FN:29,(anonymous_3)
FN:29,(anonymous_4)
FN:35,(anonymous_5)
FNF:4
FNH:0
FNDA:0,(anonymous_2)
FNDA:0,(anonymous_3)
FNDA:0,(anonymous_4)
FNDA:0,(anonymous_5)
DA:1,0
DA:10,0
DA:11,0
DA:12,0
DA:13,0
DA:17,0
DA:19,0
DA:23,0
DA:25,0
DA:27,0
DA:29,0
DA:33,0
DA:35,0
DA:37,0
DA:40,0
DA:47,0
DA:50,0
DA:53,0
DA:56,0
DA:59,0
DA:62,0
LF:21
LH:0
BRDA:27,0,0,0
BRDA:27,0,1,0
BRDA:27,1,0,0
BRDA:27,1,1,0
BRDA:33,2,0,0
BRDA:33,2,1,0
BRDA:33,3,0,0
BRDA:33,3,1,0
BRDA:37,4,0,0
BRDA:37,4,1,0
BRDA:37,5,0,0
BRDA:37,5,1,0
BRDA:47,6,0,0
BRDA:47,6,1,0
BRDA:47,7,0,0
BRDA:47,7,1,0
BRDA:53,8,0,0
BRDA:53,8,1,0
BRDA:53,9,0,0
BRDA:53,9,1,0
BRF:20
BRH:0
end_of_record
TN:
SF:src\modules\campaigns\entities\campaign.entity.ts
FN:26,(anonymous_2)
FN:61,(anonymous_3)
FN:65,(anonymous_4)
FN:65,(anonymous_5)
FNF:4
FNH:0
FNDA:0,(anonymous_2)
FNDA:0,(anonymous_3)
FNDA:0,(anonymous_4)
FNDA:0,(anonymous_5)
DA:1,0
DA:12,0
DA:13,0
DA:14,0
DA:15,0
DA:18,0
DA:20,0
DA:24,0
DA:26,0
DA:28,0
DA:31,0
DA:34,0
DA:37,0
DA:40,0
DA:43,0
DA:46,0
DA:49,0
DA:52,0
DA:55,0
DA:58,0
DA:61,0
DA:63,0
DA:65,0
DA:66,0
DA:69,0
DA:72,0
LF:26
LH:0
BRDA:28,0,0,0
BRDA:28,0,1,0
BRDA:28,1,0,0
BRDA:28,1,1,0
BRDA:37,2,0,0
BRDA:37,2,1,0
BRDA:37,3,0,0
BRDA:37,3,1,0
BRDA:40,4,0,0
BRDA:40,4,1,0
BRDA:40,5,0,0
BRDA:40,5,1,0
BRDA:69,6,0,0
BRDA:69,6,1,0
BRDA:69,7,0,0
BRDA:69,7,1,0
BRDA:72,8,0,0
BRDA:72,8,1,0
BRDA:72,9,0,0
BRDA:72,9,1,0
BRF:20
BRH:0
end_of_record
TN:
SF:src\modules\customers\entities\customer.entity.ts
FN:24,(anonymous_2)
FN:61,(anonymous_3)
FNF:2
FNH:0
FNDA:0,(anonymous_2)
FNDA:0,(anonymous_3)
DA:1,0
DA:11,0
DA:12,0
DA:13,0
DA:16,0
DA:18,0
DA:22,0
DA:24,0
DA:26,0
DA:29,0
DA:32,0
DA:35,0
DA:38,0
DA:41,0
DA:44,0
DA:47,0
DA:50,0
DA:53,0
DA:56,0
DA:59,0
DA:61,0
DA:63,0
DA:66,0
DA:69,0
DA:72,0
DA:75,0
DA:78,0
DA:85,0
DA:88,0
DA:91,0
DA:94,0
LF:31
LH:0
BRDA:26,0,0,0
BRDA:26,0,1,0
BRDA:26,1,0,0
BRDA:26,1,1,0
BRDA:85,2,0,0
BRDA:85,2,1,0
BRDA:85,3,0,0
BRDA:85,3,1,0
BRDA:91,4,0,0
BRDA:91,4,1,0
BRDA:91,5,0,0
BRDA:91,5,1,0
BRDA:94,6,0,0
BRDA:94,6,1,0
BRDA:94,7,0,0
BRDA:94,7,1,0
BRF:16
BRH:0
end_of_record
TN:
SF:src\modules\integrations\entities\integration.entity.ts
FN:26,(anonymous_2)
FNF:1
FNH:0
FNDA:0,(anonymous_2)
DA:1,0
DA:11,0
DA:15,0
DA:18,0
DA:20,0
DA:24,0
DA:26,0
DA:28,0
DA:31,0
DA:34,0
DA:38,0
DA:41,0
DA:44,0
DA:47,0
DA:50,0
DA:53,0
DA:60,0
DA:63,0
DA:66,0
DA:69,0
LF:20
LH:0
BRDA:28,0,0,0
BRDA:28,0,1,0
BRDA:28,1,0,0
BRDA:28,1,1,0
BRDA:31,2,0,0
BRDA:31,2,1,0
BRDA:31,3,0,0
BRDA:31,3,1,0
BRDA:47,4,0,0
BRDA:47,4,1,0
BRDA:47,5,0,0
BRDA:47,5,1,0
BRDA:60,6,0,0
BRDA:60,6,1,0
BRDA:60,7,0,0
BRDA:60,7,1,0
BRDA:66,8,0,0
BRDA:66,8,1,0
BRDA:66,9,0,0
BRDA:66,9,1,0
BRDA:69,10,0,0
BRDA:69,10,1,0
BRDA:69,11,0,0
BRDA:69,11,1,0
BRF:24
BRH:0
end_of_record
TN:
SF:src\modules\reports\entities\report-schedule.entity.ts
FN:21,(anonymous_2)
FNF:1
FNH:0
FNDA:0,(anonymous_2)
DA:1,0
DA:10,0
DA:13,0
DA:15,0
DA:19,0
DA:21,0
DA:23,0
DA:26,0
DA:29,0
DA:32,0
DA:35,0
DA:38,0
LF:12
LH:0
BRDA:23,0,0,0
BRDA:23,0,1,0
BRDA:23,1,0,0
BRDA:23,1,1,0
BRDA:38,2,0,0
BRDA:38,2,1,0
BRDA:38,3,0,0
BRDA:38,3,1,0
BRF:8
BRH:0
end_of_record
TN:
SF:src\modules\reports\entities\report-snapshot.entity.ts
FN:22,(anonymous_2)
FN:38,(anonymous_3)
FNF:2
FNH:0
FNDA:0,(anonymous_2)
FNDA:0,(anonymous_3)
DA:1,0
DA:9,0
DA:10,0
DA:14,0
DA:16,0
DA:20,0
DA:22,0
DA:24,0
DA:27,0
DA:30,0
DA:33,0
DA:36,0
DA:38,0
DA:39,0
LF:14
LH:0
BRDA:24,0,0,0
BRDA:24,0,1,0
BRDA:24,1,0,0
BRDA:24,1,1,0
BRDA:27,2,0,0
BRDA:27,2,1,0
BRDA:27,3,0,0
BRDA:27,3,1,0
BRDA:30,4,0,0
BRDA:30,4,1,0
BRDA:30,5,0,0
BRDA:30,5,1,0
BRDA:33,6,0,0
BRDA:33,6,1,0
BRDA:33,7,0,0
BRDA:33,7,1,0
BRDA:36,8,0,0
BRDA:36,8,1,0
BRDA:36,9,0,0
BRDA:36,9,1,0
BRDA:39,10,0,0
BRDA:39,10,1,0
BRDA:39,11,0,0
BRDA:39,11,1,0
BRF:24
BRH:0
end_of_record
TN:
SF:src\modules\storage\r2.service.ts
FN:22,(anonymous_2)
FN:37,(anonymous_3)
FN:51,(anonymous_4)
FNF:3
FNH:3
FNDA:1,(anonymous_2)
FNDA:2,(anonymous_3)
FNDA:1,(anonymous_4)
DA:1,3
DA:2,3
DA:3,3
DA:17,3
DA:22,1
DA:23,1
DA:24,1
DA:26,1
DA:38,2
DA:48,2
DA:52,1
LF:11
LH:11
BRDA:22,0,0,3
BRDA:22,0,1,0
BRDA:22,1,0,3
BRDA:22,1,1,3
BRF:4
BRH:3
end_of_record
TN:
SF:src\modules\storage\storage.module.ts
FNF:0
FNH:0
DA:1,0
DA:2,0
DA:8,0
LF:3
LH:0
BRF:0
BRH:0
end_of_record
TN:
SF:src\modules\tenants\tenants.controller.ts
FN:28,(anonymous_4)
FN:32,(anonymous_5)
FN:38,(anonymous_6)
FN:46,(anonymous_7)
FN:53,(anonymous_8)
FN:62,(anonymous_9)
FN:70,(anonymous_10)
FN:77,(anonymous_11)
FN:83,(anonymous_12)
FN:93,(anonymous_13)
FNF:10
FNH:0
FNDA:0,(anonymous_4)
FNDA:0,(anonymous_5)
FNDA:0,(anonymous_6)
FNDA:0,(anonymous_7)
FNDA:0,(anonymous_8)
FNDA:0,(anonymous_9)
FNDA:0,(anonymous_10)
FNDA:0,(anonymous_11)
FNDA:0,(anonymous_12)
FNDA:0,(anonymous_13)
DA:1,0
DA:15,0
DA:16,0
DA:17,0
DA:19,0
DA:20,0
DA:21,0
DA:22,0
DA:23,0
DA:24,0
DA:27,0
DA:28,0
DA:32,0
DA:33,0
DA:38,0
DA:42,0
DA:46,0
DA:47,0
DA:53,0
DA:57,0
DA:62,0
DA:66,0
DA:70,0
DA:71,0
DA:77,0
DA:78,0
DA:83,0
DA:84,0
DA:93,0
DA:97,0
LF:30
LH:0
BRDA:40,0,0,0
BRDA:40,0,1,0
BRDA:40,1,0,0
BRDA:40,1,1,0
BRDA:55,2,0,0
BRDA:55,2,1,0
BRDA:55,3,0,0
BRDA:55,3,1,0
BRDA:64,4,0,0
BRDA:64,4,1,0
BRDA:64,5,0,0
BRDA:64,5,1,0
BRDA:95,6,0,0
BRDA:95,6,1,0
BRDA:95,7,0,0
BRDA:95,7,1,0
BRDA:95,7,2,0
BRDA:28,8,0,0
BRDA:28,8,1,0
BRDA:28,9,0,0
BRDA:28,9,1,0
BRF:21
BRH:0
end_of_record
TN:
SF:src\modules\tenants\tenants.module.ts
FNF:0
FNH:0
DA:1,0
DA:2,0
DA:3,0
DA:4,0
DA:5,0
DA:6,0
DA:7,0
DA:8,0
DA:19,0
LF:9
LH:0
BRF:0
BRH:0
end_of_record
TN:
SF:src\modules\tenants\tenants.service.ts
FN:34,(anonymous_14)
FN:48,(anonymous_15)
FN:57,(anonymous_16)
FN:67,(anonymous_17)
FN:78,(anonymous_18)
FN:95,(anonymous_19)
FN:113,(anonymous_20)
FN:124,(anonymous_21)
FN:143,(anonymous_22)
FN:171,(anonymous_23)
FN:176,(anonymous_24)
FN:185,(anonymous_25)
FN:188,(anonymous_26)
FN:207,(anonymous_27)
FN:222,(anonymous_28)
FN:229,(anonymous_29)
FN:254,(anonymous_30)
FN:273,(anonymous_31)
FN:306,(anonymous_32)
FN:315,(anonymous_33)
FN:321,(anonymous_34)
FN:333,(anonymous_35)
FNF:22
FNH:5
FNDA:10,(anonymous_14)
FNDA:1,(anonymous_15)
FNDA:6,(anonymous_16)
FNDA:0,(anonymous_17)
FNDA:0,(anonymous_18)
FNDA:0,(anonymous_19)
FNDA:0,(anonymous_20)
FNDA:0,(anonymous_21)
FNDA:0,(anonymous_22)
FNDA:0,(anonymous_23)
FNDA:0,(anonymous_24)
FNDA:0,(anonymous_25)
FNDA:0,(anonymous_26)
FNDA:0,(anonymous_27)
FNDA:0,(anonymous_28)
FNDA:5,(anonymous_29)
FNDA:0,(anonymous_30)
FNDA:5,(anonymous_31)
FNDA:0,(anonymous_32)
FNDA:0,(anonymous_33)
FNDA:0,(anonymous_34)
FNDA:0,(anonymous_35)
DA:1,2
DA:9,2
DA:10,2
DA:11,2
DA:12,2
DA:13,2
DA:14,2
DA:21,2
DA:22,2
DA:23,2
DA:24,2
DA:25,2
DA:26,2
DA:30,2
DA:33,2
DA:35,10
DA:37,10
DA:39,10
DA:40,10
DA:41,10
DA:42,10
DA:43,10
DA:49,1
DA:50,1
DA:51,1
DA:53,0
DA:58,6
DA:68,0
DA:69,0
DA:71,0
DA:72,0
DA:74,0
DA:75,0
DA:79,0
DA:80,0
DA:82,0
DA:83,0
DA:85,0
DA:90,0
DA:96,0
DA:97,0
DA:99,0
DA:100,0
DA:102,0
DA:103,0
DA:108,0
DA:117,0
DA:118,0
DA:119,0
DA:125,0
DA:126,0
DA:128,0
DA:133,0
DA:138,0
DA:147,0
DA:149,0
DA:152,0
DA:153,0
DA:158,0
DA:164,0
DA:165,0
DA:166,0
DA:175,0
DA:176,0
DA:185,0
DA:186,0
DA:188,0
DA:189,0
DA:198,0
DA:201,0
DA:202,0
DA:208,0
DA:209,0
DA:211,0
DA:216,0
DA:217,0
DA:223,0
DA:224,0
DA:233,5
DA:234,5
DA:236,4
DA:238,4
DA:239,1
DA:242,3
DA:249,3
DA:251,3
DA:252,1
DA:253,1
DA:254,1
DA:258,3
DA:265,3
DA:266,3
DA:268,3
DA:277,5
DA:278,5
DA:279,1
DA:281,4
DA:282,1
DA:285,3
DA:290,3
DA:291,3
DA:298,3
DA:299,3
DA:301,3
DA:307,0
DA:316,0
DA:317,0
DA:318,0
DA:322,0
DA:334,0
LF:110
LH:52
BRDA:51,0,0,1
BRDA:51,0,1,0
BRDA:69,1,0,0
BRDA:69,1,1,0
BRDA:72,2,0,0
BRDA:72,2,1,0
BRDA:80,3,0,0
BRDA:80,3,1,0
BRDA:83,4,0,0
BRDA:83,4,1,0
BRDA:97,5,0,0
BRDA:97,5,1,0
BRDA:100,6,0,0
BRDA:100,6,1,0
BRDA:126,7,0,0
BRDA:126,7,1,0
BRDA:147,8,0,0
BRDA:147,8,1,0
BRDA:152,9,0,0
BRDA:152,9,1,0
BRDA:179,10,0,0
BRDA:179,10,1,0
BRDA:194,11,0,0
BRDA:194,11,1,0
BRDA:195,12,0,0
BRDA:195,12,1,0
BRDA:209,13,0,0
BRDA:209,13,1,0
BRDA:231,14,0,1
BRDA:234,15,0,1
BRDA:234,15,1,4
BRDA:238,16,0,1
BRDA:238,16,1,3
BRDA:238,17,0,4
BRDA:238,17,1,2
BRDA:251,18,0,1
BRDA:251,18,1,2
BRDA:251,19,0,3
BRDA:251,19,1,1
BRDA:253,20,0,1
BRDA:253,20,1,0
BRDA:278,21,0,1
BRDA:278,21,1,4
BRDA:281,22,0,1
BRDA:281,22,1,3
BRDA:316,23,0,0
BRDA:316,23,1,0
BRDA:317,24,0,0
BRDA:317,24,1,0
BRDA:326,25,0,0
BRDA:326,25,1,0
BRDA:328,26,0,0
BRDA:328,26,1,0
BRDA:329,27,0,0
BRDA:329,27,1,0
BRDA:348,28,0,0
BRDA:348,28,1,0
BRDA:349,29,0,0
BRDA:349,29,1,0
BRDA:35,30,0,2
BRDA:35,30,1,0
BRDA:35,31,0,2
BRDA:35,31,1,2
BRDA:35,32,0,2
BRDA:35,32,1,0
BRDA:35,33,0,2
BRDA:35,33,1,2
BRDA:37,34,0,2
BRDA:37,34,1,0
BRDA:37,35,0,2
BRDA:37,35,1,2
BRDA:39,36,0,2
BRDA:39,36,1,0
BRDA:39,37,0,2
BRDA:39,37,1,2
BRDA:40,38,0,2
BRDA:40,38,1,0
BRDA:40,39,0,2
BRDA:40,39,1,2
BRDA:41,40,0,2
BRDA:41,40,1,0
BRDA:41,41,0,2
BRDA:41,41,1,2
BRDA:42,42,0,2
BRDA:42,42,1,0
BRDA:42,43,0,2
BRDA:42,43,1,2
BRF:87
BRH:38
end_of_record
TN:
SF:src\modules\tenants\dto\create-category.dto.ts
FNF:0
FNH:0
DA:1,0
DA:3,0
DA:7,0
DA:11,0
LF:4
LH:0
BRF:0
BRH:0
end_of_record
TN:
SF:src\modules\tenants\dto\update-settings.dto.ts
FNF:0
FNH:0
DA:1,0
DA:12,0
DA:17,0
DA:23,0
DA:28,0
DA:34,0
DA:40,0
DA:45,0
LF:8
LH:0
BRF:0
BRH:0
end_of_record
TN:
SF:src\modules\tenants\dto\upsert-tier-config.dto.ts
FN:43,(anonymous_2)
FNF:1
FNH:0
FNDA:0,(anonymous_2)
DA:1,0
DA:2,0
DA:14,0
DA:17,0
DA:21,0
DA:25,0
DA:30,0
DA:35,0
DA:38,0
DA:43,0
DA:44,0
LF:11
LH:0
BRF:0
BRH:0
end_of_record
TN:
SF:src\modules\tenants\entities\product-category.entity.ts
FN:21,(anonymous_2)
FNF:1
FNH:0
FNDA:0,(anonymous_2)
DA:1,2
DA:10,2
DA:13,2
DA:15,2
DA:19,2
DA:21,0
DA:23,2
DA:26,2
DA:29,2
DA:32,2
DA:35,2
LF:11
LH:10
BRDA:23,0,0,2
BRDA:23,0,1,0
BRDA:23,1,0,2
BRDA:23,1,1,2
BRDA:35,2,0,2
BRDA:35,2,1,0
BRDA:35,3,0,2
BRDA:35,3,1,2
BRF:8
BRH:6
end_of_record
TN:
SF:src\modules\tenants\entities\tenant.entity.ts
FNF:0
FNH:0
DA:1,3
DA:8,3
DA:16,3
DA:18,3
DA:21,3
DA:24,3
DA:28,3
DA:31,3
DA:34,3
DA:37,3
DA:40,3
DA:43,3
DA:46,3
DA:53,3
DA:56,3
DA:60,3
DA:63,3
DA:66,3
DA:70,3
DA:73,3
DA:77,3
DA:80,3
DA:83,3
DA:86,3
DA:89,3
DA:92,3
DA:95,3
DA:98,3
DA:105,3
DA:108,3
DA:111,3
DA:114,3
DA:117,3
DA:120,3
LF:34
LH:34
BRDA:53,0,0,0
BRDA:53,0,1,3
BRDA:53,1,0,3
BRDA:53,1,1,3
BRDA:77,2,0,0
BRDA:77,2,1,3
BRDA:77,3,0,3
BRDA:77,3,1,3
BRDA:80,4,0,0
BRDA:80,4,1,3
BRDA:80,5,0,3
BRDA:80,5,1,3
BRDA:105,6,0,0
BRDA:105,6,1,3
BRDA:105,7,0,3
BRDA:105,7,1,3
BRDA:117,8,0,3
BRDA:117,8,1,0
BRDA:117,9,0,3
BRDA:117,9,1,3
BRDA:120,10,0,3
BRDA:120,10,1,0
BRDA:120,11,0,3
BRDA:120,11,1,3
BRF:24
BRH:18
end_of_record
TN:
SF:src\modules\tenants\entities\tier-config.entity.ts
FN:21,(anonymous_2)
FNF:1
FNH:0
FNDA:0,(anonymous_2)
DA:1,2
DA:10,2
DA:13,2
DA:15,2
DA:19,2
DA:21,0
DA:23,2
DA:26,2
DA:29,2
DA:32,2
DA:35,2
DA:38,2
DA:41,2
LF:13
LH:12
BRDA:23,0,0,2
BRDA:23,0,1,0
BRDA:23,1,0,2
BRDA:23,1,1,2
BRDA:41,2,0,2
BRDA:41,2,1,0
BRDA:41,3,0,2
BRDA:41,3,1,2
BRF:8
BRH:6
end_of_record
TN:
SF:src\modules\tenants\utils\validate-tiers.util.ts
FN:9,validateTiers
FN:38,(anonymous_1)
FNF:2
FNH:2
FNDA:7,validateTiers
FNDA:7,(anonymous_1)
DA:1,3
DA:9,3
DA:10,7
DA:11,1
DA:13,6
DA:14,1
DA:17,5
DA:18,9
DA:19,0
DA:23,9
DA:24,1
DA:30,4
DA:31,6
DA:32,5
DA:33,5
DA:34,5
DA:35,5
DA:37,5
DA:38,7
DA:40,2
DA:42,2
DA:43,2
LF:22
LH:21
BRDA:10,0,0,1
BRDA:10,0,1,6
BRDA:13,1,0,1
BRDA:13,1,1,5
BRDA:18,2,0,0
BRDA:18,2,1,9
BRDA:23,3,0,1
BRDA:23,3,1,8
BRDA:23,4,0,9
BRDA:23,4,1,6
BRDA:34,5,0,5
BRDA:34,5,1,0
BRDA:35,6,0,5
BRDA:35,6,1,3
BRDA:37,7,0,2
BRDA:37,7,1,3
BRDA:37,8,0,5
BRDA:37,8,1,5
BRDA:40,9,0,2
BRDA:40,9,1,0
BRDA:42,10,0,1
BRDA:42,10,1,1
BRF:22
BRH:19
end_of_record
TN:
SF:src\modules\transactions\entities\points-ledger.entity.ts
FN:25,(anonymous_2)
FN:29,(anonymous_3)
FN:40,(anonymous_4)
FNF:3
FNH:0
FNDA:0,(anonymous_2)
FNDA:0,(anonymous_3)
FNDA:0,(anonymous_4)
DA:1,0
DA:10,0
DA:11,0
DA:12,0
DA:13,0
DA:17,0
DA:19,0
DA:23,0
DA:25,0
DA:27,0
DA:29,0
DA:31,0
DA:35,0
DA:38,0
DA:40,0
DA:42,0
DA:46,0
DA:49,0
DA:52,0
LF:19
LH:0
BRDA:27,0,0,0
BRDA:27,0,1,0
BRDA:27,1,0,0
BRDA:27,1,1,0
BRDA:31,2,0,0
BRDA:31,2,1,0
BRDA:31,3,0,0
BRDA:31,3,1,0
BRDA:38,4,0,0
BRDA:38,4,1,0
BRDA:38,5,0,0
BRDA:38,5,1,0
BRDA:52,6,0,0
BRDA:52,6,1,0
BRDA:52,7,0,0
BRDA:52,7,1,0
BRF:16
BRH:0
end_of_record
TN:
SF:src\modules\transactions\entities\transaction.entity.ts
FN:29,(anonymous_2)
FN:33,(anonymous_3)
FN:37,(anonymous_4)
FN:41,(anonymous_5)
FNF:4
FNH:0
FNDA:0,(anonymous_2)
FNDA:0,(anonymous_3)
FNDA:0,(anonymous_4)
FNDA:0,(anonymous_5)
DA:1,0
DA:10,0
DA:11,0
DA:12,0
DA:13,0
DA:14,0
DA:18,0
DA:20,0
DA:23,0
DA:27,0
DA:29,0
DA:31,0
DA:33,0
DA:35,0
DA:37,0
DA:39,0
DA:41,0
DA:43,0
DA:46,0
DA:49,0
DA:52,0
DA:59,0
DA:62,0
DA:65,0
DA:68,0
LF:25
LH:0
BRDA:31,0,0,0
BRDA:31,0,1,0
BRDA:31,1,0,0
BRDA:31,1,1,0
BRDA:35,2,0,0
BRDA:35,2,1,0
BRDA:35,3,0,0
BRDA:35,3,1,0
BRDA:59,4,0,0
BRDA:59,4,1,0
BRDA:59,5,0,0
BRDA:59,5,1,0
BRDA:68,6,0,0
BRDA:68,6,1,0
BRDA:68,7,0,0
BRDA:68,7,1,0
BRF:16
BRH:0
end_of_record
TN:
SF:src\modules\triggers\entities\trigger-log.entity.ts
FN:24,(anonymous_2)
FN:28,(anonymous_3)
FNF:2
FNH:0
FNDA:0,(anonymous_2)
FNDA:0,(anonymous_3)
DA:1,0
DA:10,0
DA:11,0
DA:12,0
DA:16,0
DA:18,0
DA:22,0
DA:24,0
DA:26,0
DA:28,0
DA:30,0
DA:33,0
DA:36,0
DA:39,0
DA:42,0
DA:45,0
LF:16
LH:0
BRDA:26,0,0,0
BRDA:26,0,1,0
BRDA:26,1,0,0
BRDA:26,1,1,0
BRDA:30,2,0,0
BRDA:30,2,1,0
BRDA:30,3,0,0
BRDA:30,3,1,0
BRDA:33,4,0,0
BRDA:33,4,1,0
BRDA:33,5,0,0
BRDA:33,5,1,0
BRDA:39,6,0,0
BRDA:39,6,1,0
BRDA:39,7,0,0
BRDA:39,7,1,0
BRDA:45,8,0,0
BRDA:45,8,1,0
BRDA:45,9,0,0
BRDA:45,9,1,0
BRF:20
BRH:0
end_of_record
TN:
SF:src\modules\whatsapp\bsp.service.ts
FN:28,(anonymous_2)
FN:30,(anonymous_3)
FN:72,(anonymous_4)
FNF:3
FNH:3
FNDA:6,(anonymous_2)
FNDA:8,(anonymous_3)
FNDA:4,(anonymous_4)
DA:1,1
DA:2,1
DA:3,1
DA:4,1
DA:25,1
DA:26,6
DA:28,6
DA:31,8
DA:32,8
DA:34,8
DA:45,8
DA:54,8
DA:55,2
DA:56,6
DA:57,2
DA:58,4
DA:59,0
DA:60,4
DA:62,4
DA:63,4
DA:65,4
DA:69,4
DA:73,4
DA:74,4
LF:24
LH:23
BRDA:54,0,0,2
BRDA:54,0,1,6
BRDA:56,1,0,2
BRDA:56,1,1,4
BRDA:58,2,0,0
BRDA:58,2,1,4
BRDA:60,3,0,0
BRDA:60,3,1,4
BRDA:73,4,0,0
BRDA:73,4,1,4
BRDA:28,5,0,1
BRDA:28,5,1,0
BRDA:28,6,0,1
BRDA:28,6,1,1
BRF:14
BRH:10
end_of_record
TN:
SF:src\modules\whatsapp\wa-onboarding.service.ts
FN:47,(anonymous_14)
FN:55,(anonymous_15)
FN:135,(anonymous_16)
FN:158,(anonymous_17)
FN:175,(anonymous_18)
FN:210,(anonymous_19)
FN:246,(anonymous_20)
FN:277,(anonymous_21)
FN:283,(anonymous_22)
FN:295,(anonymous_23)
FN:303,(anonymous_24)
FNF:11
FNH:10
FNDA:11,(anonymous_14)
FNDA:4,(anonymous_15)
FNDA:4,(anonymous_16)
FNDA:1,(anonymous_17)
FNDA:2,(anonymous_18)
FNDA:1,(anonymous_19)
FNDA:6,(anonymous_20)
FNDA:3,(anonymous_21)
FNDA:1,(anonymous_22)
FNDA:5,(anonymous_23)
FNDA:0,(anonymous_24)
DA:1,1
DA:2,1
DA:13,1
DA:14,1
DA:15,1
DA:16,1
DA:17,1
DA:18,1
DA:19,1
DA:20,1
DA:22,1
DA:44,1
DA:45,11
DA:48,11
DA:49,11
DA:50,11
DA:59,4
DA:60,4
DA:61,1
DA:67,3
DA:68,3
DA:69,3
DA:70,3
DA:71,0
DA:77,3
DA:80,3
DA:81,3
DA:84,3
DA:100,2
DA:103,2
DA:110,2
DA:113,2
DA:124,2
DA:126,2
DA:130,2
DA:136,4
DA:137,4
DA:139,3
DA:140,3
DA:143,3
DA:145,2
DA:150,2
DA:152,2
DA:153,2
DA:159,1
DA:160,1
DA:161,0
DA:170,1
DA:176,2
DA:177,2
DA:178,2
DA:179,2
DA:180,2
DA:186,0
DA:187,0
DA:188,0
DA:191,0
DA:194,0
DA:196,0
DA:205,0
DA:211,1
DA:212,1
DA:213,1
DA:216,1
DA:217,1
DA:218,1
DA:225,0
DA:231,1
DA:240,1
DA:241,1
DA:251,6
DA:252,6
DA:254,6
DA:255,0
DA:259,6
DA:260,0
DA:261,0
DA:265,6
DA:266,1
DA:270,5
DA:271,0
DA:272,0
DA:274,5
DA:278,3
DA:279,3
DA:280,3
DA:284,1
DA:296,5
DA:308,0
DA:312,0
DA:313,0
DA:314,0
DA:315,0
LF:93
LH:73
BRDA:60,0,0,1
BRDA:60,0,1,3
BRDA:69,1,0,3
BRDA:69,1,1,0
BRDA:70,2,0,0
BRDA:70,2,1,3
BRDA:96,3,0,3
BRDA:96,3,1,3
BRDA:120,4,0,2
BRDA:120,4,1,2
BRDA:136,5,0,4
BRDA:136,5,1,0
BRDA:137,6,0,1
BRDA:137,6,1,3
BRDA:143,7,0,1
BRDA:143,7,1,2
BRDA:160,8,0,0
BRDA:160,8,1,1
BRDA:178,9,0,0
BRDA:178,9,1,2
BRDA:179,10,0,2
BRDA:179,10,1,0
BRDA:187,11,0,0
BRDA:187,11,1,0
BRDA:212,12,0,1
BRDA:212,12,1,0
BRDA:254,13,0,0
BRDA:254,13,1,6
BRDA:259,14,0,0
BRDA:259,14,1,6
BRDA:265,15,0,1
BRDA:265,15,1,5
BRDA:270,16,0,0
BRDA:270,16,1,5
BRDA:278,17,0,0
BRDA:278,17,1,3
BRDA:279,18,0,0
BRDA:279,18,1,3
BRDA:288,19,0,1
BRDA:288,19,1,0
BRDA:290,20,0,1
BRDA:290,20,1,0
BRDA:291,21,0,1
BRDA:291,21,1,0
BRDA:314,22,0,0
BRDA:314,22,1,0
BRDA:48,23,0,1
BRDA:48,23,1,0
BRDA:48,24,0,1
BRDA:48,24,1,1
BRDA:48,25,0,1
BRDA:48,25,1,0
BRDA:48,26,0,1
BRDA:48,26,1,1
BRDA:49,27,0,1
BRDA:49,27,1,0
BRDA:49,28,0,1
BRDA:49,28,1,1
BRF:58
BRH:36
end_of_record
TN:
SF:src\modules\whatsapp\wa.events.ts
FNF:0
FNH:0
DA:1,1
DA:5,1
LF:2
LH:2
BRF:0
BRH:0
end_of_record
TN:
SF:src\modules\whatsapp\whatsapp.controller.ts
FN:28,(anonymous_13)
FN:35,(anonymous_14)
FN:42,(anonymous_15)
FN:48,(anonymous_16)
FN:54,(anonymous_17)
FN:65,(anonymous_18)
FN:99,(anonymous_19)
FNF:7
FNH:0
FNDA:0,(anonymous_13)
FNDA:0,(anonymous_14)
FNDA:0,(anonymous_15)
FNDA:0,(anonymous_16)
FNDA:0,(anonymous_17)
FNDA:0,(anonymous_18)
FNDA:0,(anonymous_19)
DA:1,0
DA:2,0
DA:14,0
DA:15,0
DA:17,0
DA:18,0
DA:19,0
DA:20,0
DA:22,0
DA:25,0
DA:26,0
DA:29,0
DA:30,0
DA:35,0
DA:36,0
DA:42,0
DA:43,0
DA:48,0
DA:49,0
DA:54,0
DA:55,0
DA:65,0
DA:69,0
DA:72,0
DA:73,0
DA:74,0
DA:79,0
DA:80,0
DA:84,0
DA:85,0
DA:86,0
DA:89,0
DA:94,0
DA:100,0
LF:34
LH:0
BRDA:72,0,0,0
BRDA:72,0,1,0
BRDA:72,1,0,0
BRDA:72,1,1,0
BRDA:79,2,0,0
BRDA:79,2,1,0
BRDA:90,3,0,0
BRDA:90,3,1,0
BRDA:35,4,0,0
BRDA:35,4,1,0
BRDA:35,5,0,0
BRDA:35,5,1,0
BRDA:29,6,0,0
BRDA:29,6,1,0
BRDA:29,7,0,0
BRDA:29,7,1,0
BRDA:29,8,0,0
BRDA:29,8,1,0
BRDA:29,9,0,0
BRDA:29,9,1,0
BRF:20
BRH:0
end_of_record
TN:
SF:src\modules\whatsapp\whatsapp.module.ts
FNF:0
FNH:0
DA:1,0
DA:2,0
DA:3,0
DA:4,0
DA:5,0
DA:6,0
DA:14,0
LF:7
LH:0
BRF:0
BRH:0
end_of_record
TN:
SF:src\modules\whatsapp\dto\wa-onboarding.dto.ts
FNF:0
FNH:0
DA:1,0
DA:10,0
DA:12,0
DA:15,0
DA:20,0
DA:23,0
DA:28,0
DA:32,0
LF:8
LH:0
BRDA:23,0,0,0
BRDA:23,0,1,0
BRDA:23,1,0,0
BRDA:23,1,1,0
BRF:4
BRH:0
end_of_record
TN:
SF:src\modules\whatsapp\exceptions\wa-bsp.exception.ts
FN:2,(anonymous_0)
FNF:1
FNH:1
FNDA:4,(anonymous_0)
DA:1,1
DA:4,4
DA:6,4
DA:7,4
LF:4
LH:4
BRF:0
BRH:0
end_of_record
